<?xml version="1.0" encoding="UTF-8"?>
<coverage generated="1782118123295" clover="3.2.0">
  <project timestamp="1782118123295" name="All files">
    <metrics statements="13" coveredstatements="13" conditionals="12" coveredconditionals="12" methods="2" coveredmethods="2" elements="27" coveredelements="27" complexity="0" loc="13" ncloc="13" packages="1" files="2" classes="2"/>
    <file name="heap.ts" path="/Users/wanglinlin/myWork/temp/cc-kafka/cy-kafka-console/src/heap.ts">
      <metrics statements="6" coveredstatements="6" conditionals="7" coveredconditionals="7" methods="1" coveredmethods="1"/>
      <line num="4" count="1" type="cond" truecount="1" falsecount="0"/>
      <line num="5" count="7" type="cond" truecount="2" falsecount="0"/>
      <line num="6" count="7" type="cond" truecount="2" falsecount="0"/>
      <line num="7" count="7" type="cond" truecount="2" falsecount="0"/>
      <line num="8" count="3" type="stmt"/>
      <line num="9" count="3" type="stmt"/>
    </file>
    <file name="splash-progress.ts" path="/Users/wanglinlin/myWork/temp/cc-kafka/cy-kafka-console/src/splash-progress.ts">
      <metrics statements="7" coveredstatements="7" conditionals="5" coveredconditionals="5" methods="1" coveredmethods="1"/>
      <line num="11" count="1" type="cond" truecount="1" falsecount="0"/>
      <line num="12" count="11" type="cond" truecount="2" falsecount="0"/>
      <line num="13" count="11" type="cond" truecount="2" falsecount="0"/>
      <line num="14" count="7" type="stmt"/>
      <line num="15" count="7" type="stmt"/>
      <line num="16" count="7" type="stmt"/>
      <line num="17" count="7" type="stmt"/>
    </file>
  </project>
</coverage>
