{"/Users/wanglinlin/myWork/temp/cc-kafka/cy-kafka-console/src/heap.ts": {"path":"/Users/wanglinlin/myWork/temp/cc-kafka/cy-kafka-console/src/heap.ts","all":false,"statementMap":{"3":{"start":{"line":4,"column":0},"end":{"line":4,"column":56}},"4":{"start":{"line":5,"column":0},"end":{"line":5,"column":69}},"5":{"start":{"line":6,"column":0},"end":{"line":6,"column":56}},"6":{"start":{"line":7,"column":0},"end":{"line":7,"column":58}},"7":{"start":{"line":8,"column":0},"end":{"line":8,"column":33}},"8":{"start":{"line":9,"column":0},"end":{"line":9,"column":1}}},"s":{"3":1,"4":7,"5":7,"6":7,"7":3,"8":3},"branchMap":{"0":{"type":"branch","line":4,"loc":{"start":{"line":4,"column":7},"end":{"line":9,"column":1}},"locations":[{"start":{"line":4,"column":7},"end":{"line":9,"column":1}}]},"1":{"type":"branch","line":5,"loc":{"start":{"line":5,"column":29},"end":{"line":5,"column":69}},"locations":[{"start":{"line":5,"column":29},"end":{"line":5,"column":69}}]},"2":{"type":"branch","line":5,"loc":{"start":{"line":5,"column":67},"end":{"line":6,"column":23}},"locations":[{"start":{"line":5,"column":67},"end":{"line":6,"column":23}}]},"3":{"type":"branch","line":6,"loc":{"start":{"line":6,"column":16},"end":{"line":6,"column":56}},"locations":[{"start":{"line":6,"column":16},"end":{"line":6,"column":56}}]},"4":{"type":"branch","line":6,"loc":{"start":{"line":6,"column":54},"end":{"line":7,"column":24}},"locations":[{"start":{"line":6,"column":54},"end":{"line":7,"column":24}}]},"5":{"type":"branch","line":7,"loc":{"start":{"line":7,"column":17},"end":{"line":7,"column":58}},"locations":[{"start":{"line":7,"column":17},"end":{"line":7,"column":58}}]},"6":{"type":"branch","line":7,"loc":{"start":{"line":7,"column":56},"end":{"line":9,"column":1}},"locations":[{"start":{"line":7,"column":56},"end":{"line":9,"column":1}}]}},"b":{"0":[7],"1":[2],"2":[5],"3":[1],"4":[4],"5":[1],"6":[3]},"fnMap":{"0":{"name":"validateHeapMb","decl":{"start":{"line":4,"column":7},"end":{"line":9,"column":1}},"loc":{"start":{"line":4,"column":7},"end":{"line":9,"column":1}},"line":4}},"f":{"0":7}}
,"/Users/wanglinlin/myWork/temp/cc-kafka/cy-kafka-console/src/splash-progress.ts": {"path":"/Users/wanglinlin/myWork/temp/cc-kafka/cy-kafka-console/src/splash-progress.ts","all":false,"statementMap":{"10":{"start":{"line":11,"column":0},"end":{"line":11,"column":82}},"11":{"start":{"line":12,"column":0},"end":{"line":12,"column":31}},"12":{"start":{"line":13,"column":0},"end":{"line":13,"column":35}},"13":{"start":{"line":14,"column":0},"end":{"line":14,"column":69}},"14":{"start":{"line":15,"column":0},"end":{"line":15,"column":43}},"15":{"start":{"line":16,"column":0},"end":{"line":16,"column":27}},"16":{"start":{"line":17,"column":0},"end":{"line":17,"column":1}}},"s":{"10":1,"11":11,"12":11,"13":7,"14":7,"15":7,"16":7},"branchMap":{"0":{"type":"branch","line":11,"loc":{"start":{"line":11,"column":7},"end":{"line":17,"column":1}},"locations":[{"start":{"line":11,"column":7},"end":{"line":17,"column":1}}]},"1":{"type":"branch","line":12,"loc":{"start":{"line":12,"column":22},"end":{"line":12,"column":31}},"locations":[{"start":{"line":12,"column":22},"end":{"line":12,"column":31}}]},"2":{"type":"branch","line":12,"loc":{"start":{"line":12,"column":29},"end":{"line":13,"column":30}},"locations":[{"start":{"line":12,"column":29},"end":{"line":13,"column":30}}]},"3":{"type":"branch","line":13,"loc":{"start":{"line":13,"column":23},"end":{"line":13,"column":35}},"locations":[{"start":{"line":13,"column":23},"end":{"line":13,"column":35}}]},"4":{"type":"branch","line":13,"loc":{"start":{"line":13,"column":30},"end":{"line":17,"column":1}},"locations":[{"start":{"line":13,"column":30},"end":{"line":17,"column":1}}]}},"b":{"0":[11],"1":[2],"2":[9],"3":[2],"4":[7]},"fnMap":{"0":{"name":"simulatedProgress","decl":{"start":{"line":11,"column":7},"end":{"line":17,"column":1}},"loc":{"start":{"line":11,"column":7},"end":{"line":17,"column":1}},"line":11}},"f":{"0":11}}
}
