{"/Users/wanglinlin/myWork/temp/cc-kafka/cy-kafka-console/src/heap.ts": {"path":"/Users/wanglinlin/myWork/temp/cc-kafka/cy-kafka-console/src/heap.ts","all":false,"statementMap":{"3":{"start":{"line":4,"column":0},"end":{"line":4,"column":56}},"4":{"start":{"line":5,"column":0},"end":{"line":5,"column":69}},"5":{"start":{"line":6,"column":0},"end":{"line":6,"column":56}},"6":{"start":{"line":7,"column":0},"end":{"line":7,"column":58}},"7":{"start":{"line":8,"column":0},"end":{"line":8,"column":33}},"8":{"start":{"line":9,"column":0},"end":{"line":9,"column":1}}},"s":{"3":1,"4":7,"5":7,"6":7,"7":3,"8":3},"branchMap":{"0":{"type":"branch","line":4,"loc":{"start":{"line":4,"column":7},"end":{"line":9,"column":1}},"locations":[{"start":{"line":4,"column":7},"end":{"line":9,"column":1}}]},"1":{"type":"branch","line":5,"loc":{"start":{"line":5,"column":29},"end":{"line":5,"column":69}},"locations":[{"start":{"line":5,"column":29},"end":{"line":5,"column":69}}]},"2":{"type":"branch","line":5,"loc":{"start":{"line":5,"column":67},"end":{"line":6,"column":23}},"locations":[{"start":{"line":5,"column":67},"end":{"line":6,"column":23}}]},"3":{"type":"branch","line":6,"loc":{"start":{"line":6,"column":16},"end":{"line":6,"column":56}},"locations":[{"start":{"line":6,"column":16},"end":{"line":6,"column":56}}]},"4":{"type":"branch","line":6,"loc":{"start":{"line":6,"column":54},"end":{"line":7,"column":24}},"locations":[{"start":{"line":6,"column":54},"end":{"line":7,"column":24}}]},"5":{"type":"branch","line":7,"loc":{"start":{"line":7,"column":17},"end":{"line":7,"column":58}},"locations":[{"start":{"line":7,"column":17},"end":{"line":7,"column":58}}]},"6":{"type":"branch","line":7,"loc":{"start":{"line":7,"column":56},"end":{"line":9,"column":1}},"locations":[{"start":{"line":7,"column":56},"end":{"line":9,"column":1}}]}},"b":{"0":[7],"1":[2],"2":[5],"3":[1],"4":[4],"5":[1],"6":[3]},"fnMap":{"0":{"name":"validateHeapMb","decl":{"start":{"line":4,"column":7},"end":{"line":9,"column":1}},"loc":{"start":{"line":4,"column":7},"end":{"line":9,"column":1}},"line":4}},"f":{"0":7}}
,"/Users/wanglinlin/myWork/temp/cc-kafka/cy-kafka-console/src/settings.ts": {"path":"/Users/wanglinlin/myWork/temp/cc-kafka/cy-kafka-console/src/settings.ts","all":true,"statementMap":{"0":{"start":{"line":1,"column":0},"end":{"line":1,"column":46}},"1":{"start":{"line":2,"column":0},"end":{"line":2,"column":58}},"2":{"start":{"line":3,"column":0},"end":{"line":3,"column":40}},"4":{"start":{"line":5,"column":0},"end":{"line":5,"column":66}},"5":{"start":{"line":6,"column":0},"end":{"line":6,"column":46}},"7":{"start":{"line":8,"column":0},"end":{"line":8,"column":38}},"8":{"start":{"line":9,"column":0},"end":{"line":9,"column":50}},"9":{"start":{"line":10,"column":0},"end":{"line":10,"column":27}},"10":{"start":{"line":11,"column":0},"end":{"line":11,"column":1}},"12":{"start":{"line":13,"column":0},"end":{"line":13,"column":72}},"13":{"start":{"line":14,"column":0},"end":{"line":14,"column":50}},"14":{"start":{"line":15,"column":0},"end":{"line":15,"column":16}},"15":{"start":{"line":16,"column":0},"end":{"line":16,"column":33}},"16":{"start":{"line":17,"column":0},"end":{"line":17,"column":30}},"17":{"start":{"line":18,"column":0},"end":{"line":18,"column":11}},"18":{"start":{"line":19,"column":0},"end":{"line":19,"column":3}},"19":{"start":{"line":20,"column":0},"end":{"line":20,"column":7}},"20":{"start":{"line":21,"column":0},"end":{"line":21,"column":52}},"21":{"start":{"line":22,"column":0},"end":{"line":22,"column":33}},"22":{"start":{"line":23,"column":0},"end":{"line":23,"column":42}},"23":{"start":{"line":24,"column":0},"end":{"line":24,"column":15}},"24":{"start":{"line":25,"column":0},"end":{"line":25,"column":30}},"25":{"start":{"line":26,"column":0},"end":{"line":26,"column":33}},"26":{"start":{"line":27,"column":0},"end":{"line":27,"column":3}},"27":{"start":{"line":28,"column":0},"end":{"line":28,"column":3}},"29":{"start":{"line":30,"column":0},"end":{"line":30,"column":100}},"31":{"start":{"line":32,"column":0},"end":{"line":32,"column":12}}},"s":{"0":0,"1":0,"2":0,"4":0,"5":0,"7":0,"8":0,"9":0,"10":0,"12":0,"13":0,"14":0,"15":0,"16":0,"17":0,"18":0,"19":0,"20":0,"21":0,"22":0,"23":0,"24":0,"25":0,"26":0,"27":0,"29":0,"31":0},"branchMap":{"0":{"type":"branch","line":1,"loc":{"start":{"line":1,"column":0},"end":{"line":32,"column":-193}},"locations":[{"start":{"line":1,"column":0},"end":{"line":32,"column":-193}}]}},"b":{"0":[0]},"fnMap":{"0":{"name":"(empty-report)","decl":{"start":{"line":1,"column":0},"end":{"line":32,"column":-193}},"loc":{"start":{"line":1,"column":0},"end":{"line":32,"column":-193}},"line":1}},"f":{"0":0}}
,"/Users/wanglinlin/myWork/temp/cc-kafka/cy-kafka-console/src/splash-progress.ts": {"path":"/Users/wanglinlin/myWork/temp/cc-kafka/cy-kafka-console/src/splash-progress.ts","all":false,"statementMap":{"10":{"start":{"line":11,"column":0},"end":{"line":11,"column":82}},"11":{"start":{"line":12,"column":0},"end":{"line":12,"column":31}},"12":{"start":{"line":13,"column":0},"end":{"line":13,"column":35}},"13":{"start":{"line":14,"column":0},"end":{"line":14,"column":69}},"14":{"start":{"line":15,"column":0},"end":{"line":15,"column":43}},"15":{"start":{"line":16,"column":0},"end":{"line":16,"column":27}},"16":{"start":{"line":17,"column":0},"end":{"line":17,"column":1}},"19":{"start":{"line":20,"column":0},"end":{"line":20,"column":54}},"20":{"start":{"line":21,"column":0},"end":{"line":21,"column":46}},"21":{"start":{"line":22,"column":0},"end":{"line":22,"column":51}},"22":{"start":{"line":23,"column":0},"end":{"line":23,"column":17}},"23":{"start":{"line":24,"column":0},"end":{"line":24,"column":1}}},"s":{"10":1,"11":11,"12":11,"13":7,"14":7,"15":7,"16":7,"19":1,"20":6,"21":6,"22":2,"23":2},"branchMap":{"0":{"type":"branch","line":11,"loc":{"start":{"line":11,"column":7},"end":{"line":17,"column":1}},"locations":[{"start":{"line":11,"column":7},"end":{"line":17,"column":1}}]},"1":{"type":"branch","line":12,"loc":{"start":{"line":12,"column":22},"end":{"line":12,"column":31}},"locations":[{"start":{"line":12,"column":22},"end":{"line":12,"column":31}}]},"2":{"type":"branch","line":12,"loc":{"start":{"line":12,"column":29},"end":{"line":13,"column":30}},"locations":[{"start":{"line":12,"column":29},"end":{"line":13,"column":30}}]},"3":{"type":"branch","line":13,"loc":{"start":{"line":13,"column":23},"end":{"line":13,"column":35}},"locations":[{"start":{"line":13,"column":23},"end":{"line":13,"column":35}}]},"4":{"type":"branch","line":13,"loc":{"start":{"line":13,"column":30},"end":{"line":17,"column":1}},"locations":[{"start":{"line":13,"column":30},"end":{"line":17,"column":1}}]},"5":{"type":"branch","line":20,"loc":{"start":{"line":20,"column":7},"end":{"line":24,"column":1}},"locations":[{"start":{"line":20,"column":7},"end":{"line":24,"column":1}}]},"6":{"type":"branch","line":21,"loc":{"start":{"line":21,"column":23},"end":{"line":21,"column":46}},"locations":[{"start":{"line":21,"column":23},"end":{"line":21,"column":46}}]},"7":{"type":"branch","line":21,"loc":{"start":{"line":21,"column":30},"end":{"line":22,"column":30}},"locations":[{"start":{"line":21,"column":30},"end":{"line":22,"column":30}}]},"8":{"type":"branch","line":22,"loc":{"start":{"line":22,"column":23},"end":{"line":24,"column":1}},"locations":[{"start":{"line":22,"column":23},"end":{"line":24,"column":1}}]}},"b":{"0":[11],"1":[2],"2":[9],"3":[2],"4":[7],"5":[6],"6":[2],"7":[4],"8":[2]},"fnMap":{"0":{"name":"simulatedProgress","decl":{"start":{"line":11,"column":7},"end":{"line":17,"column":1}},"loc":{"start":{"line":11,"column":7},"end":{"line":17,"column":1}},"line":11},"1":{"name":"stageLabel","decl":{"start":{"line":20,"column":7},"end":{"line":24,"column":1}},"loc":{"start":{"line":20,"column":7},"end":{"line":24,"column":1}},"line":20}},"f":{"0":11,"1":6}}
,"/Users/wanglinlin/myWork/temp/cc-kafka/cy-kafka-console/src/splash.ts": {"path":"/Users/wanglinlin/myWork/temp/cc-kafka/cy-kafka-console/src/splash.ts","all":true,"statementMap":{"0":{"start":{"line":1,"column":0},"end":{"line":1,"column":47}},"5":{"start":{"line":6,"column":0},"end":{"line":6,"column":40}},"9":{"start":{"line":10,"column":0},"end":{"line":10,"column":26}},"11":{"start":{"line":12,"column":0},"end":{"line":12,"column":54}},"12":{"start":{"line":13,"column":0},"end":{"line":13,"column":18}},"14":{"start":{"line":15,"column":0},"end":{"line":15,"column":41}},"15":{"start":{"line":16,"column":0},"end":{"line":16,"column":45}},"16":{"start":{"line":17,"column":0},"end":{"line":17,"column":63}},"17":{"start":{"line":18,"column":0},"end":{"line":18,"column":45}},"18":{"start":{"line":19,"column":0},"end":{"line":19,"column":62}},"19":{"start":{"line":20,"column":0},"end":{"line":20,"column":49}},"20":{"start":{"line":21,"column":0},"end":{"line":21,"column":54}},"21":{"start":{"line":22,"column":0},"end":{"line":22,"column":1}},"23":{"start":{"line":24,"column":0},"end":{"line":24,"column":32}},"24":{"start":{"line":25,"column":0},"end":{"line":25,"column":32}},"25":{"start":{"line":26,"column":0},"end":{"line":26,"column":12}},"26":{"start":{"line":27,"column":0},"end":{"line":27,"column":34}},"27":{"start":{"line":28,"column":0},"end":{"line":28,"column":29}},"28":{"start":{"line":29,"column":0},"end":{"line":29,"column":74}},"29":{"start":{"line":30,"column":0},"end":{"line":30,"column":10}},"30":{"start":{"line":31,"column":0},"end":{"line":31,"column":1}},"32":{"start":{"line":33,"column":0},"end":{"line":33,"column":31}},"33":{"start":{"line":34,"column":0},"end":{"line":34,"column":34}},"34":{"start":{"line":35,"column":0},"end":{"line":35,"column":20}},"35":{"start":{"line":36,"column":0},"end":{"line":36,"column":1}},"37":{"start":{"line":38,"column":0},"end":{"line":38,"column":42}},"38":{"start":{"line":39,"column":0},"end":{"line":39,"column":17}},"39":{"start":{"line":40,"column":0},"end":{"line":40,"column":65}},"40":{"start":{"line":41,"column":0},"end":{"line":41,"column":47}},"41":{"start":{"line":42,"column":0},"end":{"line":42,"column":33}},"42":{"start":{"line":43,"column":0},"end":{"line":43,"column":54}},"43":{"start":{"line":44,"column":0},"end":{"line":44,"column":36}},"44":{"start":{"line":45,"column":0},"end":{"line":45,"column":1}},"46":{"start":{"line":47,"column":0},"end":{"line":47,"column":30}},"47":{"start":{"line":48,"column":0},"end":{"line":48,"column":63}},"48":{"start":{"line":49,"column":0},"end":{"line":49,"column":64}},"49":{"start":{"line":50,"column":0},"end":{"line":50,"column":18}},"50":{"start":{"line":51,"column":0},"end":{"line":51,"column":1}},"52":{"start":{"line":53,"column":0},"end":{"line":53,"column":38}},"53":{"start":{"line":54,"column":0},"end":{"line":54,"column":69}},"55":{"start":{"line":56,"column":0},"end":{"line":56,"column":69}},"56":{"start":{"line":57,"column":0},"end":{"line":57,"column":18}},"57":{"start":{"line":58,"column":0},"end":{"line":58,"column":33}},"58":{"start":{"line":59,"column":0},"end":{"line":59,"column":5}},"59":{"start":{"line":60,"column":0},"end":{"line":60,"column":10}},"60":{"start":{"line":61,"column":0},"end":{"line":61,"column":32}},"61":{"start":{"line":62,"column":0},"end":{"line":62,"column":64}},"62":{"start":{"line":63,"column":0},"end":{"line":63,"column":10}},"63":{"start":{"line":64,"column":0},"end":{"line":64,"column":27}},"64":{"start":{"line":65,"column":0},"end":{"line":65,"column":71}},"67":{"start":{"line":68,"column":0},"end":{"line":68,"column":68}},"68":{"start":{"line":69,"column":0},"end":{"line":69,"column":17}},"69":{"start":{"line":70,"column":0},"end":{"line":70,"column":24}},"70":{"start":{"line":71,"column":0},"end":{"line":71,"column":11}},"71":{"start":{"line":72,"column":0},"end":{"line":72,"column":3}},"72":{"start":{"line":73,"column":0},"end":{"line":73,"column":18}},"73":{"start":{"line":74,"column":0},"end":{"line":74,"column":1}},"75":{"start":{"line":76,"column":0},"end":{"line":76,"column":12}}},"s":{"0":0,"5":0,"9":0,"11":0,"12":0,"14":0,"15":0,"16":0,"17":0,"18":0,"19":0,"20":0,"21":0,"23":0,"24":0,"25":0,"26":0,"27":0,"28":0,"29":0,"30":0,"32":0,"33":0,"34":0,"35":0,"37":0,"38":0,"39":0,"40":0,"41":0,"42":0,"43":0,"44":0,"46":0,"47":0,"48":0,"49":0,"50":0,"52":0,"53":0,"55":0,"56":0,"57":0,"58":0,"59":0,"60":0,"61":0,"62":0,"63":0,"64":0,"67":0,"68":0,"69":0,"70":0,"71":0,"72":0,"73":0,"75":0},"branchMap":{"0":{"type":"branch","line":1,"loc":{"start":{"line":1,"column":0},"end":{"line":76,"column":-255}},"locations":[{"start":{"line":1,"column":0},"end":{"line":76,"column":-255}}]}},"b":{"0":[0]},"fnMap":{"0":{"name":"(empty-report)","decl":{"start":{"line":1,"column":0},"end":{"line":76,"column":-255}},"loc":{"start":{"line":1,"column":0},"end":{"line":76,"column":-255}},"line":1}},"f":{"0":0}}
,"/Users/wanglinlin/myWork/temp/cc-kafka/cy-kafka-console/src-tauri/target/debug/build/kafka-console-0efbe07e2081004e/out/__global-api-script.js": {"path":"/Users/wanglinlin/myWork/temp/cc-kafka/cy-kafka-console/src-tauri/target/debug/build/kafka-console-0efbe07e2081004e/out/__global-api-script.js","all":true,"statementMap":{"0":{"start":{"line":1,"column":0},"end":{"line":1,"column":348}}},"s":{"0":0},"branchMap":{"0":{"type":"branch","line":1,"loc":{"start":{"line":1,"column":0},"end":{"line":1,"column":348}},"locations":[{"start":{"line":1,"column":0},"end":{"line":1,"column":348}}]}},"b":{"0":[0]},"fnMap":{"0":{"name":"(empty-report)","decl":{"start":{"line":1,"column":0},"end":{"line":1,"column":348}},"loc":{"start":{"line":1,"column":0},"end":{"line":1,"column":348}},"line":1}},"f":{"0":0}}
,"/Users/wanglinlin/myWork/temp/cc-kafka/cy-kafka-console/src-tauri/target/debug/build/kafka-console-1a0dbcb66ccdbb43/out/__global-api-script.js": {"path":"/Users/wanglinlin/myWork/temp/cc-kafka/cy-kafka-console/src-tauri/target/debug/build/kafka-console-1a0dbcb66ccdbb43/out/__global-api-script.js","all":true,"statementMap":{"0":{"start":{"line":1,"column":0},"end":{"line":1,"column":348}}},"s":{"0":0},"branchMap":{"0":{"type":"branch","line":1,"loc":{"start":{"line":1,"column":0},"end":{"line":1,"column":348}},"locations":[{"start":{"line":1,"column":0},"end":{"line":1,"column":348}}]}},"b":{"0":[0]},"fnMap":{"0":{"name":"(empty-report)","decl":{"start":{"line":1,"column":0},"end":{"line":1,"column":348}},"loc":{"start":{"line":1,"column":0},"end":{"line":1,"column":348}},"line":1}},"f":{"0":0}}
,"/Users/wanglinlin/myWork/temp/cc-kafka/cy-kafka-console/src-tauri/target/debug/build/kafka-console-2ccc938ced2065ae/out/__global-api-script.js": {"path":"/Users/wanglinlin/myWork/temp/cc-kafka/cy-kafka-console/src-tauri/target/debug/build/kafka-console-2ccc938ced2065ae/out/__global-api-script.js","all":true,"statementMap":{"0":{"start":{"line":1,"column":0},"end":{"line":1,"column":348}}},"s":{"0":0},"branchMap":{"0":{"type":"branch","line":1,"loc":{"start":{"line":1,"column":0},"end":{"line":1,"column":348}},"locations":[{"start":{"line":1,"column":0},"end":{"line":1,"column":348}}]}},"b":{"0":[0]},"fnMap":{"0":{"name":"(empty-report)","decl":{"start":{"line":1,"column":0},"end":{"line":1,"column":348}},"loc":{"start":{"line":1,"column":0},"end":{"line":1,"column":348}},"line":1}},"f":{"0":0}}
,"/Users/wanglinlin/myWork/temp/cc-kafka/cy-kafka-console/src-tauri/target/debug/build/kafka-console-dc58f443ea64d291/out/__global-api-script.js": {"path":"/Users/wanglinlin/myWork/temp/cc-kafka/cy-kafka-console/src-tauri/target/debug/build/kafka-console-dc58f443ea64d291/out/__global-api-script.js","all":true,"statementMap":{"0":{"start":{"line":1,"column":0},"end":{"line":1,"column":348}}},"s":{"0":0},"branchMap":{"0":{"type":"branch","line":1,"loc":{"start":{"line":1,"column":0},"end":{"line":1,"column":348}},"locations":[{"start":{"line":1,"column":0},"end":{"line":1,"column":348}}]}},"b":{"0":[0]},"fnMap":{"0":{"name":"(empty-report)","decl":{"start":{"line":1,"column":0},"end":{"line":1,"column":348}},"loc":{"start":{"line":1,"column":0},"end":{"line":1,"column":348}},"line":1}},"f":{"0":0}}
,"/Users/wanglinlin/myWork/temp/cc-kafka/cy-kafka-console/src-tauri/target/debug/build/kafka-console-f36081f142731fc7/out/__global-api-script.js": {"path":"/Users/wanglinlin/myWork/temp/cc-kafka/cy-kafka-console/src-tauri/target/debug/build/kafka-console-f36081f142731fc7/out/__global-api-script.js","all":true,"statementMap":{"0":{"start":{"line":1,"column":0},"end":{"line":1,"column":348}}},"s":{"0":0},"branchMap":{"0":{"type":"branch","line":1,"loc":{"start":{"line":1,"column":0},"end":{"line":1,"column":348}},"locations":[{"start":{"line":1,"column":0},"end":{"line":1,"column":348}}]}},"b":{"0":[0]},"fnMap":{"0":{"name":"(empty-report)","decl":{"start":{"line":1,"column":0},"end":{"line":1,"column":348}},"loc":{"start":{"line":1,"column":0},"end":{"line":1,"column":348}},"line":1}},"f":{"0":0}}
,"/Users/wanglinlin/myWork/temp/cc-kafka/cy-kafka-console/src-tauri/target/doc/crates.js": {"path":"/Users/wanglinlin/myWork/temp/cc-kafka/cy-kafka-console/src-tauri/target/doc/crates.js","all":true,"statementMap":{"0":{"start":{"line":1,"column":0},"end":{"line":1,"column":29}},"1":{"start":{"line":2,"column":0},"end":{"line":2,"column":37}}},"s":{"0":0,"1":0},"branchMap":{"0":{"type":"branch","line":1,"loc":{"start":{"line":1,"column":0},"end":{"line":2,"column":37}},"locations":[{"start":{"line":1,"column":0},"end":{"line":2,"column":37}}]}},"b":{"0":[0]},"fnMap":{"0":{"name":"(empty-report)","decl":{"start":{"line":1,"column":0},"end":{"line":2,"column":37}},"loc":{"start":{"line":1,"column":0},"end":{"line":2,"column":37}},"line":1}},"f":{"0":0}}
,"/Users/wanglinlin/myWork/temp/cc-kafka/cy-kafka-console/src-tauri/target/doc/src-files.js": {"path":"/Users/wanglinlin/myWork/temp/cc-kafka/cy-kafka-console/src-tauri/target/doc/src-files.js","all":true,"statementMap":{"0":{"start":{"line":1,"column":0},"end":{"line":1,"column":257}},"1":{"start":{"line":2,"column":0},"end":{"line":2,"column":39}}},"s":{"0":0,"1":0},"branchMap":{"0":{"type":"branch","line":1,"loc":{"start":{"line":1,"column":0},"end":{"line":2,"column":39}},"locations":[{"start":{"line":1,"column":0},"end":{"line":2,"column":39}}]}},"b":{"0":[0]},"fnMap":{"0":{"name":"(empty-report)","decl":{"start":{"line":1,"column":0},"end":{"line":2,"column":39}},"loc":{"start":{"line":1,"column":0},"end":{"line":2,"column":39}},"line":1}},"f":{"0":0}}
,"/Users/wanglinlin/myWork/temp/cc-kafka/cy-kafka-console/src-tauri/target/doc/search.index/0b9f6fddeecf.js": {"path":"/Users/wanglinlin/myWork/temp/cc-kafka/cy-kafka-console/src-tauri/target/doc/search.index/0b9f6fddeecf.js","all":true,"statementMap":{"0":{"start":{"line":1,"column":0},"end":{"line":1,"column":95}}},"s":{"0":0},"branchMap":{"0":{"type":"branch","line":1,"loc":{"start":{"line":1,"column":0},"end":{"line":1,"column":95}},"locations":[{"start":{"line":1,"column":0},"end":{"line":1,"column":95}}]}},"b":{"0":[0]},"fnMap":{"0":{"name":"(empty-report)","decl":{"start":{"line":1,"column":0},"end":{"line":1,"column":95}},"loc":{"start":{"line":1,"column":0},"end":{"line":1,"column":95}},"line":1}},"f":{"0":0}}
,"/Users/wanglinlin/myWork/temp/cc-kafka/cy-kafka-console/src-tauri/target/doc/search.index/0fe7c37ede7c.js": {"path":"/Users/wanglinlin/myWork/temp/cc-kafka/cy-kafka-console/src-tauri/target/doc/search.index/0fe7c37ede7c.js","all":true,"statementMap":{"0":{"start":{"line":1,"column":0},"end":{"line":1,"column":99}}},"s":{"0":0},"branchMap":{"0":{"type":"branch","line":1,"loc":{"start":{"line":1,"column":0},"end":{"line":1,"column":99}},"locations":[{"start":{"line":1,"column":0},"end":{"line":1,"column":99}}]}},"b":{"0":[0]},"fnMap":{"0":{"name":"(empty-report)","decl":{"start":{"line":1,"column":0},"end":{"line":1,"column":99}},"loc":{"start":{"line":1,"column":0},"end":{"line":1,"column":99}},"line":1}},"f":{"0":0}}
,"/Users/wanglinlin/myWork/temp/cc-kafka/cy-kafka-console/src-tauri/target/doc/search.index/10430ab3d320.js": {"path":"/Users/wanglinlin/myWork/temp/cc-kafka/cy-kafka-console/src-tauri/target/doc/search.index/10430ab3d320.js","all":true,"statementMap":{"0":{"start":{"line":1,"column":0},"end":{"line":1,"column":211}}},"s":{"0":0},"branchMap":{"0":{"type":"branch","line":1,"loc":{"start":{"line":1,"column":0},"end":{"line":1,"column":211}},"locations":[{"start":{"line":1,"column":0},"end":{"line":1,"column":211}}]}},"b":{"0":[0]},"fnMap":{"0":{"name":"(empty-report)","decl":{"start":{"line":1,"column":0},"end":{"line":1,"column":211}},"loc":{"start":{"line":1,"column":0},"end":{"line":1,"column":211}},"line":1}},"f":{"0":0}}
,"/Users/wanglinlin/myWork/temp/cc-kafka/cy-kafka-console/src-tauri/target/doc/search.index/22571779bfef.js": {"path":"/Users/wanglinlin/myWork/temp/cc-kafka/cy-kafka-console/src-tauri/target/doc/search.index/22571779bfef.js","all":true,"statementMap":{"0":{"start":{"line":1,"column":0},"end":{"line":1,"column":243}}},"s":{"0":0},"branchMap":{"0":{"type":"branch","line":1,"loc":{"start":{"line":1,"column":0},"end":{"line":1,"column":243}},"locations":[{"start":{"line":1,"column":0},"end":{"line":1,"column":243}}]}},"b":{"0":[0]},"fnMap":{"0":{"name":"(empty-report)","decl":{"start":{"line":1,"column":0},"end":{"line":1,"column":243}},"loc":{"start":{"line":1,"column":0},"end":{"line":1,"column":243}},"line":1}},"f":{"0":0}}
,"/Users/wanglinlin/myWork/temp/cc-kafka/cy-kafka-console/src-tauri/target/doc/search.index/25dfe373144a.js": {"path":"/Users/wanglinlin/myWork/temp/cc-kafka/cy-kafka-console/src-tauri/target/doc/search.index/25dfe373144a.js","all":true,"statementMap":{"0":{"start":{"line":1,"column":0},"end":{"line":1,"column":103}}},"s":{"0":0},"branchMap":{"0":{"type":"branch","line":1,"loc":{"start":{"line":1,"column":0},"end":{"line":1,"column":103}},"locations":[{"start":{"line":1,"column":0},"end":{"line":1,"column":103}}]}},"b":{"0":[0]},"fnMap":{"0":{"name":"(empty-report)","decl":{"start":{"line":1,"column":0},"end":{"line":1,"column":103}},"loc":{"start":{"line":1,"column":0},"end":{"line":1,"column":103}},"line":1}},"f":{"0":0}}
,"/Users/wanglinlin/myWork/temp/cc-kafka/cy-kafka-console/src-tauri/target/doc/search.index/3513bc6e9b07.js": {"path":"/Users/wanglinlin/myWork/temp/cc-kafka/cy-kafka-console/src-tauri/target/doc/search.index/3513bc6e9b07.js","all":true,"statementMap":{"0":{"start":{"line":1,"column":0},"end":{"line":1,"column":139}}},"s":{"0":0},"branchMap":{"0":{"type":"branch","line":1,"loc":{"start":{"line":1,"column":0},"end":{"line":1,"column":139}},"locations":[{"start":{"line":1,"column":0},"end":{"line":1,"column":139}}]}},"b":{"0":[0]},"fnMap":{"0":{"name":"(empty-report)","decl":{"start":{"line":1,"column":0},"end":{"line":1,"column":139}},"loc":{"start":{"line":1,"column":0},"end":{"line":1,"column":139}},"line":1}},"f":{"0":0}}
,"/Users/wanglinlin/myWork/temp/cc-kafka/cy-kafka-console/src-tauri/target/doc/search.index/39bc1877d94a.js": {"path":"/Users/wanglinlin/myWork/temp/cc-kafka/cy-kafka-console/src-tauri/target/doc/search.index/39bc1877d94a.js","all":true,"statementMap":{"0":{"start":{"line":1,"column":0},"end":{"line":1,"column":103}}},"s":{"0":0},"branchMap":{"0":{"type":"branch","line":1,"loc":{"start":{"line":1,"column":0},"end":{"line":1,"column":103}},"locations":[{"start":{"line":1,"column":0},"end":{"line":1,"column":103}}]}},"b":{"0":[0]},"fnMap":{"0":{"name":"(empty-report)","decl":{"start":{"line":1,"column":0},"end":{"line":1,"column":103}},"loc":{"start":{"line":1,"column":0},"end":{"line":1,"column":103}},"line":1}},"f":{"0":0}}
,"/Users/wanglinlin/myWork/temp/cc-kafka/cy-kafka-console/src-tauri/target/doc/search.index/3eab99130196.js": {"path":"/Users/wanglinlin/myWork/temp/cc-kafka/cy-kafka-console/src-tauri/target/doc/search.index/3eab99130196.js","all":true,"statementMap":{"0":{"start":{"line":1,"column":0},"end":{"line":1,"column":115}}},"s":{"0":0},"branchMap":{"0":{"type":"branch","line":1,"loc":{"start":{"line":1,"column":0},"end":{"line":1,"column":115}},"locations":[{"start":{"line":1,"column":0},"end":{"line":1,"column":115}}]}},"b":{"0":[0]},"fnMap":{"0":{"name":"(empty-report)","decl":{"start":{"line":1,"column":0},"end":{"line":1,"column":115}},"loc":{"start":{"line":1,"column":0},"end":{"line":1,"column":115}},"line":1}},"f":{"0":0}}
,"/Users/wanglinlin/myWork/temp/cc-kafka/cy-kafka-console/src-tauri/target/doc/search.index/41a7a8abe84f.js": {"path":"/Users/wanglinlin/myWork/temp/cc-kafka/cy-kafka-console/src-tauri/target/doc/search.index/41a7a8abe84f.js","all":true,"statementMap":{"0":{"start":{"line":1,"column":0},"end":{"line":1,"column":111}}},"s":{"0":0},"branchMap":{"0":{"type":"branch","line":1,"loc":{"start":{"line":1,"column":0},"end":{"line":1,"column":111}},"locations":[{"start":{"line":1,"column":0},"end":{"line":1,"column":111}}]}},"b":{"0":[0]},"fnMap":{"0":{"name":"(empty-report)","decl":{"start":{"line":1,"column":0},"end":{"line":1,"column":111}},"loc":{"start":{"line":1,"column":0},"end":{"line":1,"column":111}},"line":1}},"f":{"0":0}}
,"/Users/wanglinlin/myWork/temp/cc-kafka/cy-kafka-console/src-tauri/target/doc/search.index/454228a12301.js": {"path":"/Users/wanglinlin/myWork/temp/cc-kafka/cy-kafka-console/src-tauri/target/doc/search.index/454228a12301.js","all":true,"statementMap":{"0":{"start":{"line":1,"column":0},"end":{"line":1,"column":195}}},"s":{"0":0},"branchMap":{"0":{"type":"branch","line":1,"loc":{"start":{"line":1,"column":0},"end":{"line":1,"column":195}},"locations":[{"start":{"line":1,"column":0},"end":{"line":1,"column":195}}]}},"b":{"0":[0]},"fnMap":{"0":{"name":"(empty-report)","decl":{"start":{"line":1,"column":0},"end":{"line":1,"column":195}},"loc":{"start":{"line":1,"column":0},"end":{"line":1,"column":195}},"line":1}},"f":{"0":0}}
,"/Users/wanglinlin/myWork/temp/cc-kafka/cy-kafka-console/src-tauri/target/doc/search.index/4c1aea5fa12b.js": {"path":"/Users/wanglinlin/myWork/temp/cc-kafka/cy-kafka-console/src-tauri/target/doc/search.index/4c1aea5fa12b.js","all":true,"statementMap":{"0":{"start":{"line":1,"column":0},"end":{"line":1,"column":99}}},"s":{"0":0},"branchMap":{"0":{"type":"branch","line":1,"loc":{"start":{"line":1,"column":0},"end":{"line":1,"column":99}},"locations":[{"start":{"line":1,"column":0},"end":{"line":1,"column":99}}]}},"b":{"0":[0]},"fnMap":{"0":{"name":"(empty-report)","decl":{"start":{"line":1,"column":0},"end":{"line":1,"column":99}},"loc":{"start":{"line":1,"column":0},"end":{"line":1,"column":99}},"line":1}},"f":{"0":0}}
,"/Users/wanglinlin/myWork/temp/cc-kafka/cy-kafka-console/src-tauri/target/doc/search.index/5daa767cbdec.js": {"path":"/Users/wanglinlin/myWork/temp/cc-kafka/cy-kafka-console/src-tauri/target/doc/search.index/5daa767cbdec.js","all":true,"statementMap":{"0":{"start":{"line":1,"column":0},"end":{"line":1,"column":99}}},"s":{"0":0},"branchMap":{"0":{"type":"branch","line":1,"loc":{"start":{"line":1,"column":0},"end":{"line":1,"column":99}},"locations":[{"start":{"line":1,"column":0},"end":{"line":1,"column":99}}]}},"b":{"0":[0]},"fnMap":{"0":{"name":"(empty-report)","decl":{"start":{"line":1,"column":0},"end":{"line":1,"column":99}},"loc":{"start":{"line":1,"column":0},"end":{"line":1,"column":99}},"line":1}},"f":{"0":0}}
,"/Users/wanglinlin/myWork/temp/cc-kafka/cy-kafka-console/src-tauri/target/doc/search.index/60602dbf4702.js": {"path":"/Users/wanglinlin/myWork/temp/cc-kafka/cy-kafka-console/src-tauri/target/doc/search.index/60602dbf4702.js","all":true,"statementMap":{"0":{"start":{"line":1,"column":0},"end":{"line":1,"column":159}}},"s":{"0":0},"branchMap":{"0":{"type":"branch","line":1,"loc":{"start":{"line":1,"column":0},"end":{"line":1,"column":159}},"locations":[{"start":{"line":1,"column":0},"end":{"line":1,"column":159}}]}},"b":{"0":[0]},"fnMap":{"0":{"name":"(empty-report)","decl":{"start":{"line":1,"column":0},"end":{"line":1,"column":159}},"loc":{"start":{"line":1,"column":0},"end":{"line":1,"column":159}},"line":1}},"f":{"0":0}}
,"/Users/wanglinlin/myWork/temp/cc-kafka/cy-kafka-console/src-tauri/target/doc/search.index/65d2b877443c.js": {"path":"/Users/wanglinlin/myWork/temp/cc-kafka/cy-kafka-console/src-tauri/target/doc/search.index/65d2b877443c.js","all":true,"statementMap":{"0":{"start":{"line":1,"column":0},"end":{"line":1,"column":99}}},"s":{"0":0},"branchMap":{"0":{"type":"branch","line":1,"loc":{"start":{"line":1,"column":0},"end":{"line":1,"column":99}},"locations":[{"start":{"line":1,"column":0},"end":{"line":1,"column":99}}]}},"b":{"0":[0]},"fnMap":{"0":{"name":"(empty-report)","decl":{"start":{"line":1,"column":0},"end":{"line":1,"column":99}},"loc":{"start":{"line":1,"column":0},"end":{"line":1,"column":99}},"line":1}},"f":{"0":0}}
,"/Users/wanglinlin/myWork/temp/cc-kafka/cy-kafka-console/src-tauri/target/doc/search.index/7928233d4731.js": {"path":"/Users/wanglinlin/myWork/temp/cc-kafka/cy-kafka-console/src-tauri/target/doc/search.index/7928233d4731.js","all":true,"statementMap":{"0":{"start":{"line":1,"column":0},"end":{"line":1,"column":107}}},"s":{"0":0},"branchMap":{"0":{"type":"branch","line":1,"loc":{"start":{"line":1,"column":0},"end":{"line":1,"column":107}},"locations":[{"start":{"line":1,"column":0},"end":{"line":1,"column":107}}]}},"b":{"0":[0]},"fnMap":{"0":{"name":"(empty-report)","decl":{"start":{"line":1,"column":0},"end":{"line":1,"column":107}},"loc":{"start":{"line":1,"column":0},"end":{"line":1,"column":107}},"line":1}},"f":{"0":0}}
,"/Users/wanglinlin/myWork/temp/cc-kafka/cy-kafka-console/src-tauri/target/doc/search.index/root.js": {"path":"/Users/wanglinlin/myWork/temp/cc-kafka/cy-kafka-console/src-tauri/target/doc/search.index/root.js","all":true,"statementMap":{"0":{"start":{"line":1,"column":0},"end":{"line":1,"column":11202}}},"s":{"0":0},"branchMap":{"0":{"type":"branch","line":1,"loc":{"start":{"line":1,"column":0},"end":{"line":1,"column":11202}},"locations":[{"start":{"line":1,"column":0},"end":{"line":1,"column":11202}}]}},"b":{"0":[0]},"fnMap":{"0":{"name":"(empty-report)","decl":{"start":{"line":1,"column":0},"end":{"line":1,"column":11202}},"loc":{"start":{"line":1,"column":0},"end":{"line":1,"column":11202}},"line":1}},"f":{"0":0}}
,"/Users/wanglinlin/myWork/temp/cc-kafka/cy-kafka-console/src-tauri/target/doc/search.index/alias/a762150c532c.js": {"path":"/Users/wanglinlin/myWork/temp/cc-kafka/cy-kafka-console/src-tauri/target/doc/search.index/alias/a762150c532c.js","all":true,"statementMap":{"0":{"start":{"line":1,"column":0},"end":{"line":1,"column":7}}},"s":{"0":0},"branchMap":{"0":{"type":"branch","line":1,"loc":{"start":{"line":1,"column":0},"end":{"line":1,"column":7}},"locations":[{"start":{"line":1,"column":0},"end":{"line":1,"column":7}}]}},"b":{"0":[0]},"fnMap":{"0":{"name":"(empty-report)","decl":{"start":{"line":1,"column":0},"end":{"line":1,"column":7}},"loc":{"start":{"line":1,"column":0},"end":{"line":1,"column":7}},"line":1}},"f":{"0":0}}
,"/Users/wanglinlin/myWork/temp/cc-kafka/cy-kafka-console/src-tauri/target/doc/search.index/crateNames/556bc0364e36.js": {"path":"/Users/wanglinlin/myWork/temp/cc-kafka/cy-kafka-console/src-tauri/target/doc/search.index/crateNames/556bc0364e36.js","all":true,"statementMap":{"0":{"start":{"line":1,"column":0},"end":{"line":1,"column":12}}},"s":{"0":0},"branchMap":{"0":{"type":"branch","line":1,"loc":{"start":{"line":1,"column":0},"end":{"line":1,"column":12}},"locations":[{"start":{"line":1,"column":0},"end":{"line":1,"column":12}}]}},"b":{"0":[0]},"fnMap":{"0":{"name":"(empty-report)","decl":{"start":{"line":1,"column":0},"end":{"line":1,"column":12}},"loc":{"start":{"line":1,"column":0},"end":{"line":1,"column":12}},"line":1}},"f":{"0":0}}
,"/Users/wanglinlin/myWork/temp/cc-kafka/cy-kafka-console/src-tauri/target/doc/search.index/desc/e82f1ff1b2d8.js": {"path":"/Users/wanglinlin/myWork/temp/cc-kafka/cy-kafka-console/src-tauri/target/doc/search.index/desc/e82f1ff1b2d8.js","all":true,"statementMap":{"0":{"start":{"line":1,"column":0},"end":{"line":1,"column":6201}}},"s":{"0":0},"branchMap":{"0":{"type":"branch","line":1,"loc":{"start":{"line":1,"column":0},"end":{"line":1,"column":6201}},"locations":[{"start":{"line":1,"column":0},"end":{"line":1,"column":6201}}]}},"b":{"0":[0]},"fnMap":{"0":{"name":"(empty-report)","decl":{"start":{"line":1,"column":0},"end":{"line":1,"column":6201}},"loc":{"start":{"line":1,"column":0},"end":{"line":1,"column":6201}},"line":1}},"f":{"0":0}}
,"/Users/wanglinlin/myWork/temp/cc-kafka/cy-kafka-console/src-tauri/target/doc/search.index/entry/6cd948d4a20a.js": {"path":"/Users/wanglinlin/myWork/temp/cc-kafka/cy-kafka-console/src-tauri/target/doc/search.index/entry/6cd948d4a20a.js","all":true,"statementMap":{"0":{"start":{"line":1,"column":0},"end":{"line":1,"column":5556}}},"s":{"0":0},"branchMap":{"0":{"type":"branch","line":1,"loc":{"start":{"line":1,"column":0},"end":{"line":1,"column":5556}},"locations":[{"start":{"line":1,"column":0},"end":{"line":1,"column":5556}}]}},"b":{"0":[0]},"fnMap":{"0":{"name":"(empty-report)","decl":{"start":{"line":1,"column":0},"end":{"line":1,"column":5556}},"loc":{"start":{"line":1,"column":0},"end":{"line":1,"column":5556}},"line":1}},"f":{"0":0}}
,"/Users/wanglinlin/myWork/temp/cc-kafka/cy-kafka-console/src-tauri/target/doc/search.index/function/e5e1d88a8971.js": {"path":"/Users/wanglinlin/myWork/temp/cc-kafka/cy-kafka-console/src-tauri/target/doc/search.index/function/e5e1d88a8971.js","all":true,"statementMap":{"0":{"start":{"line":1,"column":0},"end":{"line":1,"column":3881}}},"s":{"0":0},"branchMap":{"0":{"type":"branch","line":1,"loc":{"start":{"line":1,"column":0},"end":{"line":1,"column":3881}},"locations":[{"start":{"line":1,"column":0},"end":{"line":1,"column":3881}}]}},"b":{"0":[0]},"fnMap":{"0":{"name":"(empty-report)","decl":{"start":{"line":1,"column":0},"end":{"line":1,"column":3881}},"loc":{"start":{"line":1,"column":0},"end":{"line":1,"column":3881}},"line":1}},"f":{"0":0}}
,"/Users/wanglinlin/myWork/temp/cc-kafka/cy-kafka-console/src-tauri/target/doc/search.index/generic_inverted_index/1b85f8f06857.js": {"path":"/Users/wanglinlin/myWork/temp/cc-kafka/cy-kafka-console/src-tauri/target/doc/search.index/generic_inverted_index/1b85f8f06857.js","all":true,"statementMap":{"0":{"start":{"line":1,"column":0},"end":{"line":1,"column":195}}},"s":{"0":0},"branchMap":{"0":{"type":"branch","line":1,"loc":{"start":{"line":1,"column":0},"end":{"line":1,"column":195}},"locations":[{"start":{"line":1,"column":0},"end":{"line":1,"column":195}}]}},"b":{"0":[0]},"fnMap":{"0":{"name":"(empty-report)","decl":{"start":{"line":1,"column":0},"end":{"line":1,"column":195}},"loc":{"start":{"line":1,"column":0},"end":{"line":1,"column":195}},"line":1}},"f":{"0":0}}
,"/Users/wanglinlin/myWork/temp/cc-kafka/cy-kafka-console/src-tauri/target/doc/search.index/name/8f2f0f705d65.js": {"path":"/Users/wanglinlin/myWork/temp/cc-kafka/cy-kafka-console/src-tauri/target/doc/search.index/name/8f2f0f705d65.js","all":true,"statementMap":{"0":{"start":{"line":1,"column":0},"end":{"line":1,"column":1666}}},"s":{"0":0},"branchMap":{"0":{"type":"branch","line":1,"loc":{"start":{"line":1,"column":0},"end":{"line":1,"column":1666}},"locations":[{"start":{"line":1,"column":0},"end":{"line":1,"column":1666}}]}},"b":{"0":[0]},"fnMap":{"0":{"name":"(empty-report)","decl":{"start":{"line":1,"column":0},"end":{"line":1,"column":1666}},"loc":{"start":{"line":1,"column":0},"end":{"line":1,"column":1666}},"line":1}},"f":{"0":0}}
,"/Users/wanglinlin/myWork/temp/cc-kafka/cy-kafka-console/src-tauri/target/doc/search.index/normalizedName/df611a6a7cca.js": {"path":"/Users/wanglinlin/myWork/temp/cc-kafka/cy-kafka-console/src-tauri/target/doc/search.index/normalizedName/df611a6a7cca.js","all":true,"statementMap":{"0":{"start":{"line":1,"column":0},"end":{"line":1,"column":1472}}},"s":{"0":0},"branchMap":{"0":{"type":"branch","line":1,"loc":{"start":{"line":1,"column":0},"end":{"line":1,"column":1472}},"locations":[{"start":{"line":1,"column":0},"end":{"line":1,"column":1472}}]}},"b":{"0":[0]},"fnMap":{"0":{"name":"(empty-report)","decl":{"start":{"line":1,"column":0},"end":{"line":1,"column":1472}},"loc":{"start":{"line":1,"column":0},"end":{"line":1,"column":1472}},"line":1}},"f":{"0":0}}
,"/Users/wanglinlin/myWork/temp/cc-kafka/cy-kafka-console/src-tauri/target/doc/search.index/path/d987e2e1a97a.js": {"path":"/Users/wanglinlin/myWork/temp/cc-kafka/cy-kafka-console/src-tauri/target/doc/search.index/path/d987e2e1a97a.js","all":true,"statementMap":{"0":{"start":{"line":1,"column":0},"end":{"line":1,"column":1753}}},"s":{"0":0},"branchMap":{"0":{"type":"branch","line":1,"loc":{"start":{"line":1,"column":0},"end":{"line":1,"column":1753}},"locations":[{"start":{"line":1,"column":0},"end":{"line":1,"column":1753}}]}},"b":{"0":[0]},"fnMap":{"0":{"name":"(empty-report)","decl":{"start":{"line":1,"column":0},"end":{"line":1,"column":1753}},"loc":{"start":{"line":1,"column":0},"end":{"line":1,"column":1753}},"line":1}},"f":{"0":0}}
,"/Users/wanglinlin/myWork/temp/cc-kafka/cy-kafka-console/src-tauri/target/doc/search.index/type/9bb42cb5ef3b.js": {"path":"/Users/wanglinlin/myWork/temp/cc-kafka/cy-kafka-console/src-tauri/target/doc/search.index/type/9bb42cb5ef3b.js","all":true,"statementMap":{"0":{"start":{"line":1,"column":0},"end":{"line":1,"column":4054}}},"s":{"0":0},"branchMap":{"0":{"type":"branch","line":1,"loc":{"start":{"line":1,"column":0},"end":{"line":1,"column":4054}},"locations":[{"start":{"line":1,"column":0},"end":{"line":1,"column":4054}}]}},"b":{"0":[0]},"fnMap":{"0":{"name":"(empty-report)","decl":{"start":{"line":1,"column":0},"end":{"line":1,"column":4054}},"loc":{"start":{"line":1,"column":0},"end":{"line":1,"column":4054}},"line":1}},"f":{"0":0}}
,"/Users/wanglinlin/myWork/temp/cc-kafka/cy-kafka-console/src-tauri/target/doc/static.files/main-5013f961.js": {"path":"/Users/wanglinlin/myWork/temp/cc-kafka/cy-kafka-console/src-tauri/target/doc/static.files/main-5013f961.js","all":true,"statementMap":{"0":{"start":{"line":1,"column":0},"end":{"line":1,"column":4057}},"1":{"start":{"line":2,"column":0},"end":{"line":2,"column":54}},"2":{"start":{"line":3,"column":0},"end":{"line":3,"column":100}},"3":{"start":{"line":4,"column":0},"end":{"line":4,"column":30}},"4":{"start":{"line":5,"column":0},"end":{"line":5,"column":45}},"5":{"start":{"line":6,"column":0},"end":{"line":6,"column":48}},"6":{"start":{"line":7,"column":0},"end":{"line":7,"column":41}},"7":{"start":{"line":8,"column":0},"end":{"line":8,"column":72}},"8":{"start":{"line":9,"column":0},"end":{"line":9,"column":46}},"9":{"start":{"line":10,"column":0},"end":{"line":10,"column":46}},"10":{"start":{"line":11,"column":0},"end":{"line":11,"column":90}},"11":{"start":{"line":12,"column":0},"end":{"line":12,"column":42}},"12":{"start":{"line":13,"column":0},"end":{"line":13,"column":27}},"13":{"start":{"line":14,"column":0},"end":{"line":14,"column":26822}},"14":{"start":{"line":15,"column":0},"end":{"line":15,"column":790}},"15":{"start":{"line":16,"column":0},"end":{"line":16,"column":166}},"16":{"start":{"line":17,"column":0},"end":{"line":17,"column":134}},"17":{"start":{"line":18,"column":0},"end":{"line":18,"column":92}},"18":{"start":{"line":19,"column":0},"end":{"line":19,"column":117}},"19":{"start":{"line":20,"column":0},"end":{"line":20,"column":158}},"20":{"start":{"line":21,"column":0},"end":{"line":21,"column":95}},"21":{"start":{"line":22,"column":0},"end":{"line":22,"column":80}},"22":{"start":{"line":23,"column":0},"end":{"line":23,"column":94}},"23":{"start":{"line":24,"column":0},"end":{"line":24,"column":10881}}},"s":{"0":0,"1":0,"2":0,"3":0,"4":0,"5":0,"6":0,"7":0,"8":0,"9":0,"10":0,"11":0,"12":0,"13":0,"14":0,"15":0,"16":0,"17":0,"18":0,"19":0,"20":0,"21":0,"22":0,"23":0},"branchMap":{"0":{"type":"branch","line":1,"loc":{"start":{"line":1,"column":0},"end":{"line":24,"column":10881}},"locations":[{"start":{"line":1,"column":0},"end":{"line":24,"column":10881}}]}},"b":{"0":[0]},"fnMap":{"0":{"name":"(empty-report)","decl":{"start":{"line":1,"column":0},"end":{"line":24,"column":10881}},"loc":{"start":{"line":1,"column":0},"end":{"line":24,"column":10881}},"line":1}},"f":{"0":0}}
,"/Users/wanglinlin/myWork/temp/cc-kafka/cy-kafka-console/src-tauri/target/doc/static.files/scrape-examples-2bbcccac.js": {"path":"/Users/wanglinlin/myWork/temp/cc-kafka/cy-kafka-console/src-tauri/target/doc/static.files/scrape-examples-2bbcccac.js","all":true,"statementMap":{"0":{"start":{"line":1,"column":0},"end":{"line":1,"column":3130}}},"s":{"0":0},"branchMap":{"0":{"type":"branch","line":1,"loc":{"start":{"line":1,"column":0},"end":{"line":1,"column":3130}},"locations":[{"start":{"line":1,"column":0},"end":{"line":1,"column":3130}}]}},"b":{"0":[0]},"fnMap":{"0":{"name":"(empty-report)","decl":{"start":{"line":1,"column":0},"end":{"line":1,"column":3130}},"loc":{"start":{"line":1,"column":0},"end":{"line":1,"column":3130}},"line":1}},"f":{"0":0}}
,"/Users/wanglinlin/myWork/temp/cc-kafka/cy-kafka-console/src-tauri/target/doc/static.files/search-63369b7b.js": {"path":"/Users/wanglinlin/myWork/temp/cc-kafka/cy-kafka-console/src-tauri/target/doc/static.files/search-63369b7b.js","all":true,"statementMap":{"0":{"start":{"line":1,"column":0},"end":{"line":1,"column":77274}},"1":{"start":{"line":2,"column":0},"end":{"line":2,"column":57}},"2":{"start":{"line":3,"column":0},"end":{"line":3,"column":79}},"3":{"start":{"line":4,"column":0},"end":{"line":4,"column":55}},"4":{"start":{"line":5,"column":0},"end":{"line":5,"column":13246}}},"s":{"0":0,"1":0,"2":0,"3":0,"4":0},"branchMap":{"0":{"type":"branch","line":1,"loc":{"start":{"line":1,"column":0},"end":{"line":5,"column":13246}},"locations":[{"start":{"line":1,"column":0},"end":{"line":5,"column":13246}}]}},"b":{"0":[0]},"fnMap":{"0":{"name":"(empty-report)","decl":{"start":{"line":1,"column":0},"end":{"line":5,"column":13246}},"loc":{"start":{"line":1,"column":0},"end":{"line":5,"column":13246}},"line":1}},"f":{"0":0}}
,"/Users/wanglinlin/myWork/temp/cc-kafka/cy-kafka-console/src-tauri/target/doc/static.files/settings-170eb4bf.js": {"path":"/Users/wanglinlin/myWork/temp/cc-kafka/cy-kafka-console/src-tauri/target/doc/static.files/settings-170eb4bf.js","all":true,"statementMap":{"0":{"start":{"line":1,"column":0},"end":{"line":1,"column":2482}},"1":{"start":{"line":2,"column":0},"end":{"line":2,"column":47}},"2":{"start":{"line":3,"column":0},"end":{"line":3,"column":57}},"3":{"start":{"line":4,"column":0},"end":{"line":4,"column":199}},"4":{"start":{"line":5,"column":0},"end":{"line":5,"column":51}},"5":{"start":{"line":6,"column":0},"end":{"line":6,"column":54}},"6":{"start":{"line":7,"column":0},"end":{"line":7,"column":57}},"7":{"start":{"line":8,"column":0},"end":{"line":8,"column":34}},"8":{"start":{"line":9,"column":0},"end":{"line":9,"column":31}},"9":{"start":{"line":10,"column":0},"end":{"line":10,"column":10}},"10":{"start":{"line":11,"column":0},"end":{"line":11,"column":78}},"11":{"start":{"line":12,"column":0},"end":{"line":12,"column":27}},"12":{"start":{"line":13,"column":0},"end":{"line":13,"column":34}},"13":{"start":{"line":14,"column":0},"end":{"line":14,"column":63}},"14":{"start":{"line":15,"column":0},"end":{"line":15,"column":37}},"15":{"start":{"line":16,"column":0},"end":{"line":16,"column":13}},"16":{"start":{"line":17,"column":0},"end":{"line":17,"column":3869}}},"s":{"0":0,"1":0,"2":0,"3":0,"4":0,"5":0,"6":0,"7":0,"8":0,"9":0,"10":0,"11":0,"12":0,"13":0,"14":0,"15":0,"16":0},"branchMap":{"0":{"type":"branch","line":1,"loc":{"start":{"line":1,"column":0},"end":{"line":17,"column":3869}},"locations":[{"start":{"line":1,"column":0},"end":{"line":17,"column":3869}}]}},"b":{"0":[0]},"fnMap":{"0":{"name":"(empty-report)","decl":{"start":{"line":1,"column":0},"end":{"line":17,"column":3869}},"loc":{"start":{"line":1,"column":0},"end":{"line":17,"column":3869}},"line":1}},"f":{"0":0}}
,"/Users/wanglinlin/myWork/temp/cc-kafka/cy-kafka-console/src-tauri/target/doc/static.files/src-script-813739b1.js": {"path":"/Users/wanglinlin/myWork/temp/cc-kafka/cy-kafka-console/src-tauri/target/doc/static.files/src-script-813739b1.js","all":true,"statementMap":{"0":{"start":{"line":1,"column":0},"end":{"line":1,"column":3867}}},"s":{"0":0},"branchMap":{"0":{"type":"branch","line":1,"loc":{"start":{"line":1,"column":0},"end":{"line":1,"column":3867}},"locations":[{"start":{"line":1,"column":0},"end":{"line":1,"column":3867}}]}},"b":{"0":[0]},"fnMap":{"0":{"name":"(empty-report)","decl":{"start":{"line":1,"column":0},"end":{"line":1,"column":3867}},"loc":{"start":{"line":1,"column":0},"end":{"line":1,"column":3867}},"line":1}},"f":{"0":0}}
,"/Users/wanglinlin/myWork/temp/cc-kafka/cy-kafka-console/src-tauri/target/doc/static.files/storage-41dd4d93.js": {"path":"/Users/wanglinlin/myWork/temp/cc-kafka/cy-kafka-console/src-tauri/target/doc/static.files/storage-41dd4d93.js","all":true,"statementMap":{"0":{"start":{"line":1,"column":0},"end":{"line":1,"column":5097}},"1":{"start":{"line":2,"column":0},"end":{"line":2,"column":46}},"2":{"start":{"line":3,"column":0},"end":{"line":3,"column":81}},"3":{"start":{"line":4,"column":0},"end":{"line":4,"column":14}},"4":{"start":{"line":5,"column":0},"end":{"line":5,"column":49}},"5":{"start":{"line":6,"column":0},"end":{"line":6,"column":86}},"6":{"start":{"line":7,"column":0},"end":{"line":7,"column":14}},"7":{"start":{"line":8,"column":0},"end":{"line":8,"column":45}},"8":{"start":{"line":9,"column":0},"end":{"line":9,"column":78}},"9":{"start":{"line":10,"column":0},"end":{"line":10,"column":14}},"10":{"start":{"line":11,"column":0},"end":{"line":11,"column":36}},"11":{"start":{"line":12,"column":0},"end":{"line":12,"column":74}},"12":{"start":{"line":13,"column":0},"end":{"line":13,"column":300}},"13":{"start":{"line":14,"column":0},"end":{"line":14,"column":48}},"14":{"start":{"line":15,"column":0},"end":{"line":15,"column":21}},"15":{"start":{"line":16,"column":0},"end":{"line":16,"column":42}},"16":{"start":{"line":17,"column":0},"end":{"line":17,"column":38}},"17":{"start":{"line":18,"column":0},"end":{"line":18,"column":123}},"18":{"start":{"line":19,"column":0},"end":{"line":19,"column":92}},"19":{"start":{"line":20,"column":0},"end":{"line":20,"column":17}},"20":{"start":{"line":21,"column":0},"end":{"line":21,"column":70}},"21":{"start":{"line":22,"column":0},"end":{"line":22,"column":86}},"22":{"start":{"line":23,"column":0},"end":{"line":23,"column":14}},"23":{"start":{"line":24,"column":0},"end":{"line":24,"column":62}},"24":{"start":{"line":25,"column":0},"end":{"line":25,"column":78}},"25":{"start":{"line":26,"column":0},"end":{"line":26,"column":14}},"26":{"start":{"line":27,"column":0},"end":{"line":27,"column":80}}},"s":{"0":0,"1":0,"2":0,"3":0,"4":0,"5":0,"6":0,"7":0,"8":0,"9":0,"10":0,"11":0,"12":0,"13":0,"14":0,"15":0,"16":0,"17":0,"18":0,"19":0,"20":0,"21":0,"22":0,"23":0,"24":0,"25":0,"26":0},"branchMap":{"0":{"type":"branch","line":1,"loc":{"start":{"line":1,"column":0},"end":{"line":27,"column":80}},"locations":[{"start":{"line":1,"column":0},"end":{"line":27,"column":80}}]}},"b":{"0":[0]},"fnMap":{"0":{"name":"(empty-report)","decl":{"start":{"line":1,"column":0},"end":{"line":27,"column":80}},"loc":{"start":{"line":1,"column":0},"end":{"line":27,"column":80}},"line":1}},"f":{"0":0}}
,"/Users/wanglinlin/myWork/temp/cc-kafka/cy-kafka-console/src-tauri/target/doc/static.files/stringdex-b897f86f.js": {"path":"/Users/wanglinlin/myWork/temp/cc-kafka/cy-kafka-console/src-tauri/target/doc/static.files/stringdex-b897f86f.js","all":true,"statementMap":{"0":{"start":{"line":1,"column":0},"end":{"line":1,"column":33935}},"1":{"start":{"line":2,"column":0},"end":{"line":2,"column":38843}}},"s":{"0":0,"1":0},"branchMap":{"0":{"type":"branch","line":1,"loc":{"start":{"line":1,"column":0},"end":{"line":2,"column":38843}},"locations":[{"start":{"line":1,"column":0},"end":{"line":2,"column":38843}}]}},"b":{"0":[0]},"fnMap":{"0":{"name":"(empty-report)","decl":{"start":{"line":1,"column":0},"end":{"line":2,"column":38843}},"loc":{"start":{"line":1,"column":0},"end":{"line":2,"column":38843}},"line":1}},"f":{"0":0}}
,"/Users/wanglinlin/myWork/temp/cc-kafka/cy-kafka-console/src-tauri/target/doc/trait.impl/core/clone/trait.Clone.js": {"path":"/Users/wanglinlin/myWork/temp/cc-kafka/cy-kafka-console/src-tauri/target/doc/trait.impl/core/clone/trait.Clone.js","all":true,"statementMap":{"0":{"start":{"line":1,"column":0},"end":{"line":1,"column":13}},"1":{"start":{"line":2,"column":0},"end":{"line":2,"column":1561}},"2":{"start":{"line":3,"column":0},"end":{"line":3,"column":39}},"3":{"start":{"line":4,"column":0},"end":{"line":4,"column":51}},"4":{"start":{"line":5,"column":0},"end":{"line":5,"column":12}},"5":{"start":{"line":6,"column":0},"end":{"line":6,"column":51}},"6":{"start":{"line":7,"column":0},"end":{"line":7,"column":5}},"7":{"start":{"line":8,"column":0},"end":{"line":8,"column":4}},"8":{"start":{"line":9,"column":0},"end":{"line":9,"column":40}}},"s":{"0":0,"1":0,"2":0,"3":0,"4":0,"5":0,"6":0,"7":0,"8":0},"branchMap":{"0":{"type":"branch","line":1,"loc":{"start":{"line":1,"column":0},"end":{"line":9,"column":40}},"locations":[{"start":{"line":1,"column":0},"end":{"line":9,"column":40}}]}},"b":{"0":[0]},"fnMap":{"0":{"name":"(empty-report)","decl":{"start":{"line":1,"column":0},"end":{"line":9,"column":40}},"loc":{"start":{"line":1,"column":0},"end":{"line":9,"column":40}},"line":1}},"f":{"0":0}}
,"/Users/wanglinlin/myWork/temp/cc-kafka/cy-kafka-console/src-tauri/target/doc/trait.impl/core/cmp/trait.Eq.js": {"path":"/Users/wanglinlin/myWork/temp/cc-kafka/cy-kafka-console/src-tauri/target/doc/trait.impl/core/cmp/trait.Eq.js","all":true,"statementMap":{"0":{"start":{"line":1,"column":0},"end":{"line":1,"column":13}},"1":{"start":{"line":2,"column":0},"end":{"line":2,"column":781}},"2":{"start":{"line":3,"column":0},"end":{"line":3,"column":39}},"3":{"start":{"line":4,"column":0},"end":{"line":4,"column":51}},"4":{"start":{"line":5,"column":0},"end":{"line":5,"column":12}},"5":{"start":{"line":6,"column":0},"end":{"line":6,"column":51}},"6":{"start":{"line":7,"column":0},"end":{"line":7,"column":5}},"7":{"start":{"line":8,"column":0},"end":{"line":8,"column":4}},"8":{"start":{"line":9,"column":0},"end":{"line":9,"column":39}}},"s":{"0":0,"1":0,"2":0,"3":0,"4":0,"5":0,"6":0,"7":0,"8":0},"branchMap":{"0":{"type":"branch","line":1,"loc":{"start":{"line":1,"column":0},"end":{"line":9,"column":39}},"locations":[{"start":{"line":1,"column":0},"end":{"line":9,"column":39}}]}},"b":{"0":[0]},"fnMap":{"0":{"name":"(empty-report)","decl":{"start":{"line":1,"column":0},"end":{"line":9,"column":39}},"loc":{"start":{"line":1,"column":0},"end":{"line":9,"column":39}},"line":1}},"f":{"0":0}}
,"/Users/wanglinlin/myWork/temp/cc-kafka/cy-kafka-console/src-tauri/target/doc/trait.impl/core/cmp/trait.PartialEq.js": {"path":"/Users/wanglinlin/myWork/temp/cc-kafka/cy-kafka-console/src-tauri/target/doc/trait.impl/core/cmp/trait.PartialEq.js","all":true,"statementMap":{"0":{"start":{"line":1,"column":0},"end":{"line":1,"column":13}},"1":{"start":{"line":2,"column":0},"end":{"line":2,"column":844}},"2":{"start":{"line":3,"column":0},"end":{"line":3,"column":39}},"3":{"start":{"line":4,"column":0},"end":{"line":4,"column":51}},"4":{"start":{"line":5,"column":0},"end":{"line":5,"column":12}},"5":{"start":{"line":6,"column":0},"end":{"line":6,"column":51}},"6":{"start":{"line":7,"column":0},"end":{"line":7,"column":5}},"7":{"start":{"line":8,"column":0},"end":{"line":8,"column":4}},"8":{"start":{"line":9,"column":0},"end":{"line":9,"column":39}}},"s":{"0":0,"1":0,"2":0,"3":0,"4":0,"5":0,"6":0,"7":0,"8":0},"branchMap":{"0":{"type":"branch","line":1,"loc":{"start":{"line":1,"column":0},"end":{"line":9,"column":39}},"locations":[{"start":{"line":1,"column":0},"end":{"line":9,"column":39}}]}},"b":{"0":[0]},"fnMap":{"0":{"name":"(empty-report)","decl":{"start":{"line":1,"column":0},"end":{"line":9,"column":39}},"loc":{"start":{"line":1,"column":0},"end":{"line":9,"column":39}},"line":1}},"f":{"0":0}}
,"/Users/wanglinlin/myWork/temp/cc-kafka/cy-kafka-console/src-tauri/target/doc/trait.impl/core/convert/trait.From.js": {"path":"/Users/wanglinlin/myWork/temp/cc-kafka/cy-kafka-console/src-tauri/target/doc/trait.impl/core/convert/trait.From.js","all":true,"statementMap":{"0":{"start":{"line":1,"column":0},"end":{"line":1,"column":13}},"1":{"start":{"line":2,"column":0},"end":{"line":2,"column":1510}},"2":{"start":{"line":3,"column":0},"end":{"line":3,"column":39}},"3":{"start":{"line":4,"column":0},"end":{"line":4,"column":51}},"4":{"start":{"line":5,"column":0},"end":{"line":5,"column":12}},"5":{"start":{"line":6,"column":0},"end":{"line":6,"column":51}},"6":{"start":{"line":7,"column":0},"end":{"line":7,"column":5}},"7":{"start":{"line":8,"column":0},"end":{"line":8,"column":4}},"8":{"start":{"line":9,"column":0},"end":{"line":9,"column":40}}},"s":{"0":0,"1":0,"2":0,"3":0,"4":0,"5":0,"6":0,"7":0,"8":0},"branchMap":{"0":{"type":"branch","line":1,"loc":{"start":{"line":1,"column":0},"end":{"line":9,"column":40}},"locations":[{"start":{"line":1,"column":0},"end":{"line":9,"column":40}}]}},"b":{"0":[0]},"fnMap":{"0":{"name":"(empty-report)","decl":{"start":{"line":1,"column":0},"end":{"line":9,"column":40}},"loc":{"start":{"line":1,"column":0},"end":{"line":9,"column":40}},"line":1}},"f":{"0":0}}
,"/Users/wanglinlin/myWork/temp/cc-kafka/cy-kafka-console/src-tauri/target/doc/trait.impl/core/error/trait.Error.js": {"path":"/Users/wanglinlin/myWork/temp/cc-kafka/cy-kafka-console/src-tauri/target/doc/trait.impl/core/error/trait.Error.js","all":true,"statementMap":{"0":{"start":{"line":1,"column":0},"end":{"line":1,"column":13}},"1":{"start":{"line":2,"column":0},"end":{"line":2,"column":544}},"2":{"start":{"line":3,"column":0},"end":{"line":3,"column":39}},"3":{"start":{"line":4,"column":0},"end":{"line":4,"column":51}},"4":{"start":{"line":5,"column":0},"end":{"line":5,"column":12}},"5":{"start":{"line":6,"column":0},"end":{"line":6,"column":51}},"6":{"start":{"line":7,"column":0},"end":{"line":7,"column":5}},"7":{"start":{"line":8,"column":0},"end":{"line":8,"column":4}},"8":{"start":{"line":9,"column":0},"end":{"line":9,"column":39}}},"s":{"0":0,"1":0,"2":0,"3":0,"4":0,"5":0,"6":0,"7":0,"8":0},"branchMap":{"0":{"type":"branch","line":1,"loc":{"start":{"line":1,"column":0},"end":{"line":9,"column":39}},"locations":[{"start":{"line":1,"column":0},"end":{"line":9,"column":39}}]}},"b":{"0":[0]},"fnMap":{"0":{"name":"(empty-report)","decl":{"start":{"line":1,"column":0},"end":{"line":9,"column":39}},"loc":{"start":{"line":1,"column":0},"end":{"line":9,"column":39}},"line":1}},"f":{"0":0}}
,"/Users/wanglinlin/myWork/temp/cc-kafka/cy-kafka-console/src-tauri/target/doc/trait.impl/core/fmt/trait.Debug.js": {"path":"/Users/wanglinlin/myWork/temp/cc-kafka/cy-kafka-console/src-tauri/target/doc/trait.impl/core/fmt/trait.Debug.js","all":true,"statementMap":{"0":{"start":{"line":1,"column":0},"end":{"line":1,"column":13}},"1":{"start":{"line":2,"column":0},"end":{"line":2,"column":2517}},"2":{"start":{"line":3,"column":0},"end":{"line":3,"column":39}},"3":{"start":{"line":4,"column":0},"end":{"line":4,"column":51}},"4":{"start":{"line":5,"column":0},"end":{"line":5,"column":12}},"5":{"start":{"line":6,"column":0},"end":{"line":6,"column":51}},"6":{"start":{"line":7,"column":0},"end":{"line":7,"column":5}},"7":{"start":{"line":8,"column":0},"end":{"line":8,"column":4}},"8":{"start":{"line":9,"column":0},"end":{"line":9,"column":40}}},"s":{"0":0,"1":0,"2":0,"3":0,"4":0,"5":0,"6":0,"7":0,"8":0},"branchMap":{"0":{"type":"branch","line":1,"loc":{"start":{"line":1,"column":0},"end":{"line":9,"column":40}},"locations":[{"start":{"line":1,"column":0},"end":{"line":9,"column":40}}]}},"b":{"0":[0]},"fnMap":{"0":{"name":"(empty-report)","decl":{"start":{"line":1,"column":0},"end":{"line":9,"column":40}},"loc":{"start":{"line":1,"column":0},"end":{"line":9,"column":40}},"line":1}},"f":{"0":0}}
,"/Users/wanglinlin/myWork/temp/cc-kafka/cy-kafka-console/src-tauri/target/doc/trait.impl/core/fmt/trait.Display.js": {"path":"/Users/wanglinlin/myWork/temp/cc-kafka/cy-kafka-console/src-tauri/target/doc/trait.impl/core/fmt/trait.Display.js","all":true,"statementMap":{"0":{"start":{"line":1,"column":0},"end":{"line":1,"column":13}},"1":{"start":{"line":2,"column":0},"end":{"line":2,"column":796}},"2":{"start":{"line":3,"column":0},"end":{"line":3,"column":39}},"3":{"start":{"line":4,"column":0},"end":{"line":4,"column":51}},"4":{"start":{"line":5,"column":0},"end":{"line":5,"column":12}},"5":{"start":{"line":6,"column":0},"end":{"line":6,"column":51}},"6":{"start":{"line":7,"column":0},"end":{"line":7,"column":5}},"7":{"start":{"line":8,"column":0},"end":{"line":8,"column":4}},"8":{"start":{"line":9,"column":0},"end":{"line":9,"column":39}}},"s":{"0":0,"1":0,"2":0,"3":0,"4":0,"5":0,"6":0,"7":0,"8":0},"branchMap":{"0":{"type":"branch","line":1,"loc":{"start":{"line":1,"column":0},"end":{"line":9,"column":39}},"locations":[{"start":{"line":1,"column":0},"end":{"line":9,"column":39}}]}},"b":{"0":[0]},"fnMap":{"0":{"name":"(empty-report)","decl":{"start":{"line":1,"column":0},"end":{"line":9,"column":39}},"loc":{"start":{"line":1,"column":0},"end":{"line":9,"column":39}},"line":1}},"f":{"0":0}}
,"/Users/wanglinlin/myWork/temp/cc-kafka/cy-kafka-console/src-tauri/target/doc/trait.impl/core/hash/trait.Hash.js": {"path":"/Users/wanglinlin/myWork/temp/cc-kafka/cy-kafka-console/src-tauri/target/doc/trait.impl/core/hash/trait.Hash.js","all":true,"statementMap":{"0":{"start":{"line":1,"column":0},"end":{"line":1,"column":13}},"1":{"start":{"line":2,"column":0},"end":{"line":2,"column":293}},"2":{"start":{"line":3,"column":0},"end":{"line":3,"column":39}},"3":{"start":{"line":4,"column":0},"end":{"line":4,"column":51}},"4":{"start":{"line":5,"column":0},"end":{"line":5,"column":12}},"5":{"start":{"line":6,"column":0},"end":{"line":6,"column":51}},"6":{"start":{"line":7,"column":0},"end":{"line":7,"column":5}},"7":{"start":{"line":8,"column":0},"end":{"line":8,"column":4}},"8":{"start":{"line":9,"column":0},"end":{"line":9,"column":39}}},"s":{"0":0,"1":0,"2":0,"3":0,"4":0,"5":0,"6":0,"7":0,"8":0},"branchMap":{"0":{"type":"branch","line":1,"loc":{"start":{"line":1,"column":0},"end":{"line":9,"column":39}},"locations":[{"start":{"line":1,"column":0},"end":{"line":9,"column":39}}]}},"b":{"0":[0]},"fnMap":{"0":{"name":"(empty-report)","decl":{"start":{"line":1,"column":0},"end":{"line":9,"column":39}},"loc":{"start":{"line":1,"column":0},"end":{"line":9,"column":39}},"line":1}},"f":{"0":0}}
,"/Users/wanglinlin/myWork/temp/cc-kafka/cy-kafka-console/src-tauri/target/doc/trait.impl/core/marker/trait.Copy.js": {"path":"/Users/wanglinlin/myWork/temp/cc-kafka/cy-kafka-console/src-tauri/target/doc/trait.impl/core/marker/trait.Copy.js","all":true,"statementMap":{"0":{"start":{"line":1,"column":0},"end":{"line":1,"column":13}},"1":{"start":{"line":2,"column":0},"end":{"line":2,"column":303}},"2":{"start":{"line":3,"column":0},"end":{"line":3,"column":39}},"3":{"start":{"line":4,"column":0},"end":{"line":4,"column":51}},"4":{"start":{"line":5,"column":0},"end":{"line":5,"column":12}},"5":{"start":{"line":6,"column":0},"end":{"line":6,"column":51}},"6":{"start":{"line":7,"column":0},"end":{"line":7,"column":5}},"7":{"start":{"line":8,"column":0},"end":{"line":8,"column":4}},"8":{"start":{"line":9,"column":0},"end":{"line":9,"column":39}}},"s":{"0":0,"1":0,"2":0,"3":0,"4":0,"5":0,"6":0,"7":0,"8":0},"branchMap":{"0":{"type":"branch","line":1,"loc":{"start":{"line":1,"column":0},"end":{"line":9,"column":39}},"locations":[{"start":{"line":1,"column":0},"end":{"line":9,"column":39}}]}},"b":{"0":[0]},"fnMap":{"0":{"name":"(empty-report)","decl":{"start":{"line":1,"column":0},"end":{"line":9,"column":39}},"loc":{"start":{"line":1,"column":0},"end":{"line":9,"column":39}},"line":1}},"f":{"0":0}}
,"/Users/wanglinlin/myWork/temp/cc-kafka/cy-kafka-console/src-tauri/target/doc/trait.impl/core/marker/trait.Freeze.js": {"path":"/Users/wanglinlin/myWork/temp/cc-kafka/cy-kafka-console/src-tauri/target/doc/trait.impl/core/marker/trait.Freeze.js","all":true,"statementMap":{"0":{"start":{"line":1,"column":0},"end":{"line":1,"column":13}},"1":{"start":{"line":2,"column":0},"end":{"line":2,"column":3234}},"2":{"start":{"line":3,"column":0},"end":{"line":3,"column":39}},"3":{"start":{"line":4,"column":0},"end":{"line":4,"column":51}},"4":{"start":{"line":5,"column":0},"end":{"line":5,"column":12}},"5":{"start":{"line":6,"column":0},"end":{"line":6,"column":51}},"6":{"start":{"line":7,"column":0},"end":{"line":7,"column":5}},"7":{"start":{"line":8,"column":0},"end":{"line":8,"column":4}},"8":{"start":{"line":9,"column":0},"end":{"line":9,"column":40}}},"s":{"0":0,"1":0,"2":0,"3":0,"4":0,"5":0,"6":0,"7":0,"8":0},"branchMap":{"0":{"type":"branch","line":1,"loc":{"start":{"line":1,"column":0},"end":{"line":9,"column":40}},"locations":[{"start":{"line":1,"column":0},"end":{"line":9,"column":40}}]}},"b":{"0":[0]},"fnMap":{"0":{"name":"(empty-report)","decl":{"start":{"line":1,"column":0},"end":{"line":9,"column":40}},"loc":{"start":{"line":1,"column":0},"end":{"line":9,"column":40}},"line":1}},"f":{"0":0}}
,"/Users/wanglinlin/myWork/temp/cc-kafka/cy-kafka-console/src-tauri/target/doc/trait.impl/core/marker/trait.Send.js": {"path":"/Users/wanglinlin/myWork/temp/cc-kafka/cy-kafka-console/src-tauri/target/doc/trait.impl/core/marker/trait.Send.js","all":true,"statementMap":{"0":{"start":{"line":1,"column":0},"end":{"line":1,"column":13}},"1":{"start":{"line":2,"column":0},"end":{"line":2,"column":3169}},"2":{"start":{"line":3,"column":0},"end":{"line":3,"column":39}},"3":{"start":{"line":4,"column":0},"end":{"line":4,"column":51}},"4":{"start":{"line":5,"column":0},"end":{"line":5,"column":12}},"5":{"start":{"line":6,"column":0},"end":{"line":6,"column":51}},"6":{"start":{"line":7,"column":0},"end":{"line":7,"column":5}},"7":{"start":{"line":8,"column":0},"end":{"line":8,"column":4}},"8":{"start":{"line":9,"column":0},"end":{"line":9,"column":40}}},"s":{"0":0,"1":0,"2":0,"3":0,"4":0,"5":0,"6":0,"7":0,"8":0},"branchMap":{"0":{"type":"branch","line":1,"loc":{"start":{"line":1,"column":0},"end":{"line":9,"column":40}},"locations":[{"start":{"line":1,"column":0},"end":{"line":9,"column":40}}]}},"b":{"0":[0]},"fnMap":{"0":{"name":"(empty-report)","decl":{"start":{"line":1,"column":0},"end":{"line":9,"column":40}},"loc":{"start":{"line":1,"column":0},"end":{"line":9,"column":40}},"line":1}},"f":{"0":0}}
,"/Users/wanglinlin/myWork/temp/cc-kafka/cy-kafka-console/src-tauri/target/doc/trait.impl/core/marker/trait.StructuralPartialEq.js": {"path":"/Users/wanglinlin/myWork/temp/cc-kafka/cy-kafka-console/src-tauri/target/doc/trait.impl/core/marker/trait.StructuralPartialEq.js","all":true,"statementMap":{"0":{"start":{"line":1,"column":0},"end":{"line":1,"column":13}},"1":{"start":{"line":2,"column":0},"end":{"line":2,"column":952}},"2":{"start":{"line":3,"column":0},"end":{"line":3,"column":39}},"3":{"start":{"line":4,"column":0},"end":{"line":4,"column":51}},"4":{"start":{"line":5,"column":0},"end":{"line":5,"column":12}},"5":{"start":{"line":6,"column":0},"end":{"line":6,"column":51}},"6":{"start":{"line":7,"column":0},"end":{"line":7,"column":5}},"7":{"start":{"line":8,"column":0},"end":{"line":8,"column":4}},"8":{"start":{"line":9,"column":0},"end":{"line":9,"column":39}}},"s":{"0":0,"1":0,"2":0,"3":0,"4":0,"5":0,"6":0,"7":0,"8":0},"branchMap":{"0":{"type":"branch","line":1,"loc":{"start":{"line":1,"column":0},"end":{"line":9,"column":39}},"locations":[{"start":{"line":1,"column":0},"end":{"line":9,"column":39}}]}},"b":{"0":[0]},"fnMap":{"0":{"name":"(empty-report)","decl":{"start":{"line":1,"column":0},"end":{"line":9,"column":39}},"loc":{"start":{"line":1,"column":0},"end":{"line":9,"column":39}},"line":1}},"f":{"0":0}}
,"/Users/wanglinlin/myWork/temp/cc-kafka/cy-kafka-console/src-tauri/target/doc/trait.impl/core/marker/trait.Sync.js": {"path":"/Users/wanglinlin/myWork/temp/cc-kafka/cy-kafka-console/src-tauri/target/doc/trait.impl/core/marker/trait.Sync.js","all":true,"statementMap":{"0":{"start":{"line":1,"column":0},"end":{"line":1,"column":13}},"1":{"start":{"line":2,"column":0},"end":{"line":2,"column":3169}},"2":{"start":{"line":3,"column":0},"end":{"line":3,"column":39}},"3":{"start":{"line":4,"column":0},"end":{"line":4,"column":51}},"4":{"start":{"line":5,"column":0},"end":{"line":5,"column":12}},"5":{"start":{"line":6,"column":0},"end":{"line":6,"column":51}},"6":{"start":{"line":7,"column":0},"end":{"line":7,"column":5}},"7":{"start":{"line":8,"column":0},"end":{"line":8,"column":4}},"8":{"start":{"line":9,"column":0},"end":{"line":9,"column":40}}},"s":{"0":0,"1":0,"2":0,"3":0,"4":0,"5":0,"6":0,"7":0,"8":0},"branchMap":{"0":{"type":"branch","line":1,"loc":{"start":{"line":1,"column":0},"end":{"line":9,"column":40}},"locations":[{"start":{"line":1,"column":0},"end":{"line":9,"column":40}}]}},"b":{"0":[0]},"fnMap":{"0":{"name":"(empty-report)","decl":{"start":{"line":1,"column":0},"end":{"line":9,"column":40}},"loc":{"start":{"line":1,"column":0},"end":{"line":9,"column":40}},"line":1}},"f":{"0":0}}
,"/Users/wanglinlin/myWork/temp/cc-kafka/cy-kafka-console/src-tauri/target/doc/trait.impl/core/marker/trait.Unpin.js": {"path":"/Users/wanglinlin/myWork/temp/cc-kafka/cy-kafka-console/src-tauri/target/doc/trait.impl/core/marker/trait.Unpin.js","all":true,"statementMap":{"0":{"start":{"line":1,"column":0},"end":{"line":1,"column":13}},"1":{"start":{"line":2,"column":0},"end":{"line":2,"column":3201}},"2":{"start":{"line":3,"column":0},"end":{"line":3,"column":39}},"3":{"start":{"line":4,"column":0},"end":{"line":4,"column":51}},"4":{"start":{"line":5,"column":0},"end":{"line":5,"column":12}},"5":{"start":{"line":6,"column":0},"end":{"line":6,"column":51}},"6":{"start":{"line":7,"column":0},"end":{"line":7,"column":5}},"7":{"start":{"line":8,"column":0},"end":{"line":8,"column":4}},"8":{"start":{"line":9,"column":0},"end":{"line":9,"column":40}}},"s":{"0":0,"1":0,"2":0,"3":0,"4":0,"5":0,"6":0,"7":0,"8":0},"branchMap":{"0":{"type":"branch","line":1,"loc":{"start":{"line":1,"column":0},"end":{"line":9,"column":40}},"locations":[{"start":{"line":1,"column":0},"end":{"line":9,"column":40}}]}},"b":{"0":[0]},"fnMap":{"0":{"name":"(empty-report)","decl":{"start":{"line":1,"column":0},"end":{"line":9,"column":40}},"loc":{"start":{"line":1,"column":0},"end":{"line":9,"column":40}},"line":1}},"f":{"0":0}}
,"/Users/wanglinlin/myWork/temp/cc-kafka/cy-kafka-console/src-tauri/target/doc/trait.impl/core/marker/trait.UnsafeUnpin.js": {"path":"/Users/wanglinlin/myWork/temp/cc-kafka/cy-kafka-console/src-tauri/target/doc/trait.impl/core/marker/trait.UnsafeUnpin.js","all":true,"statementMap":{"0":{"start":{"line":1,"column":0},"end":{"line":1,"column":13}},"1":{"start":{"line":2,"column":0},"end":{"line":2,"column":3399}},"2":{"start":{"line":3,"column":0},"end":{"line":3,"column":39}},"3":{"start":{"line":4,"column":0},"end":{"line":4,"column":51}},"4":{"start":{"line":5,"column":0},"end":{"line":5,"column":12}},"5":{"start":{"line":6,"column":0},"end":{"line":6,"column":51}},"6":{"start":{"line":7,"column":0},"end":{"line":7,"column":5}},"7":{"start":{"line":8,"column":0},"end":{"line":8,"column":4}},"8":{"start":{"line":9,"column":0},"end":{"line":9,"column":40}}},"s":{"0":0,"1":0,"2":0,"3":0,"4":0,"5":0,"6":0,"7":0,"8":0},"branchMap":{"0":{"type":"branch","line":1,"loc":{"start":{"line":1,"column":0},"end":{"line":9,"column":40}},"locations":[{"start":{"line":1,"column":0},"end":{"line":9,"column":40}}]}},"b":{"0":[0]},"fnMap":{"0":{"name":"(empty-report)","decl":{"start":{"line":1,"column":0},"end":{"line":9,"column":40}},"loc":{"start":{"line":1,"column":0},"end":{"line":9,"column":40}},"line":1}},"f":{"0":0}}
,"/Users/wanglinlin/myWork/temp/cc-kafka/cy-kafka-console/src-tauri/target/doc/trait.impl/core/panic/unwind_safe/trait.RefUnwindSafe.js": {"path":"/Users/wanglinlin/myWork/temp/cc-kafka/cy-kafka-console/src-tauri/target/doc/trait.impl/core/panic/unwind_safe/trait.RefUnwindSafe.js","all":true,"statementMap":{"0":{"start":{"line":1,"column":0},"end":{"line":1,"column":13}},"1":{"start":{"line":2,"column":0},"end":{"line":2,"column":3725}},"2":{"start":{"line":3,"column":0},"end":{"line":3,"column":39}},"3":{"start":{"line":4,"column":0},"end":{"line":4,"column":51}},"4":{"start":{"line":5,"column":0},"end":{"line":5,"column":12}},"5":{"start":{"line":6,"column":0},"end":{"line":6,"column":51}},"6":{"start":{"line":7,"column":0},"end":{"line":7,"column":5}},"7":{"start":{"line":8,"column":0},"end":{"line":8,"column":4}},"8":{"start":{"line":9,"column":0},"end":{"line":9,"column":40}}},"s":{"0":0,"1":0,"2":0,"3":0,"4":0,"5":0,"6":0,"7":0,"8":0},"branchMap":{"0":{"type":"branch","line":1,"loc":{"start":{"line":1,"column":0},"end":{"line":9,"column":40}},"locations":[{"start":{"line":1,"column":0},"end":{"line":9,"column":40}}]}},"b":{"0":[0]},"fnMap":{"0":{"name":"(empty-report)","decl":{"start":{"line":1,"column":0},"end":{"line":9,"column":40}},"loc":{"start":{"line":1,"column":0},"end":{"line":9,"column":40}},"line":1}},"f":{"0":0}}
,"/Users/wanglinlin/myWork/temp/cc-kafka/cy-kafka-console/src-tauri/target/doc/trait.impl/core/panic/unwind_safe/trait.UnwindSafe.js": {"path":"/Users/wanglinlin/myWork/temp/cc-kafka/cy-kafka-console/src-tauri/target/doc/trait.impl/core/panic/unwind_safe/trait.UnwindSafe.js","all":true,"statementMap":{"0":{"start":{"line":1,"column":0},"end":{"line":1,"column":13}},"1":{"start":{"line":2,"column":0},"end":{"line":2,"column":3626}},"2":{"start":{"line":3,"column":0},"end":{"line":3,"column":39}},"3":{"start":{"line":4,"column":0},"end":{"line":4,"column":51}},"4":{"start":{"line":5,"column":0},"end":{"line":5,"column":12}},"5":{"start":{"line":6,"column":0},"end":{"line":6,"column":51}},"6":{"start":{"line":7,"column":0},"end":{"line":7,"column":5}},"7":{"start":{"line":8,"column":0},"end":{"line":8,"column":4}},"8":{"start":{"line":9,"column":0},"end":{"line":9,"column":40}}},"s":{"0":0,"1":0,"2":0,"3":0,"4":0,"5":0,"6":0,"7":0,"8":0},"branchMap":{"0":{"type":"branch","line":1,"loc":{"start":{"line":1,"column":0},"end":{"line":9,"column":40}},"locations":[{"start":{"line":1,"column":0},"end":{"line":9,"column":40}}]}},"b":{"0":[0]},"fnMap":{"0":{"name":"(empty-report)","decl":{"start":{"line":1,"column":0},"end":{"line":9,"column":40}},"loc":{"start":{"line":1,"column":0},"end":{"line":9,"column":40}},"line":1}},"f":{"0":0}}
,"/Users/wanglinlin/myWork/temp/cc-kafka/cy-kafka-console/src-tauri/target/doc/trait.impl/core/str/traits/trait.FromStr.js": {"path":"/Users/wanglinlin/myWork/temp/cc-kafka/cy-kafka-console/src-tauri/target/doc/trait.impl/core/str/traits/trait.FromStr.js","all":true,"statementMap":{"0":{"start":{"line":1,"column":0},"end":{"line":1,"column":13}},"1":{"start":{"line":2,"column":0},"end":{"line":2,"column":324}},"2":{"start":{"line":3,"column":0},"end":{"line":3,"column":39}},"3":{"start":{"line":4,"column":0},"end":{"line":4,"column":51}},"4":{"start":{"line":5,"column":0},"end":{"line":5,"column":12}},"5":{"start":{"line":6,"column":0},"end":{"line":6,"column":51}},"6":{"start":{"line":7,"column":0},"end":{"line":7,"column":5}},"7":{"start":{"line":8,"column":0},"end":{"line":8,"column":4}},"8":{"start":{"line":9,"column":0},"end":{"line":9,"column":39}}},"s":{"0":0,"1":0,"2":0,"3":0,"4":0,"5":0,"6":0,"7":0,"8":0},"branchMap":{"0":{"type":"branch","line":1,"loc":{"start":{"line":1,"column":0},"end":{"line":9,"column":39}},"locations":[{"start":{"line":1,"column":0},"end":{"line":9,"column":39}}]}},"b":{"0":[0]},"fnMap":{"0":{"name":"(empty-report)","decl":{"start":{"line":1,"column":0},"end":{"line":9,"column":39}},"loc":{"start":{"line":1,"column":0},"end":{"line":9,"column":39}},"line":1}},"f":{"0":0}}
,"/Users/wanglinlin/myWork/temp/cc-kafka/cy-kafka-console/src-tauri/target/doc/trait.impl/ureq/error/trait.OrAnyStatus.js": {"path":"/Users/wanglinlin/myWork/temp/cc-kafka/cy-kafka-console/src-tauri/target/doc/trait.impl/ureq/error/trait.OrAnyStatus.js","all":true,"statementMap":{"0":{"start":{"line":1,"column":0},"end":{"line":1,"column":13}},"1":{"start":{"line":2,"column":0},"end":{"line":2,"column":59}},"2":{"start":{"line":3,"column":0},"end":{"line":3,"column":39}},"3":{"start":{"line":4,"column":0},"end":{"line":4,"column":51}},"4":{"start":{"line":5,"column":0},"end":{"line":5,"column":12}},"5":{"start":{"line":6,"column":0},"end":{"line":6,"column":51}},"6":{"start":{"line":7,"column":0},"end":{"line":7,"column":5}},"7":{"start":{"line":8,"column":0},"end":{"line":8,"column":4}},"8":{"start":{"line":9,"column":0},"end":{"line":9,"column":38}}},"s":{"0":0,"1":0,"2":0,"3":0,"4":0,"5":0,"6":0,"7":0,"8":0},"branchMap":{"0":{"type":"branch","line":1,"loc":{"start":{"line":1,"column":0},"end":{"line":9,"column":38}},"locations":[{"start":{"line":1,"column":0},"end":{"line":9,"column":38}}]}},"b":{"0":[0]},"fnMap":{"0":{"name":"(empty-report)","decl":{"start":{"line":1,"column":0},"end":{"line":9,"column":38}},"loc":{"start":{"line":1,"column":0},"end":{"line":9,"column":38}},"line":1}},"f":{"0":0}}
,"/Users/wanglinlin/myWork/temp/cc-kafka/cy-kafka-console/src-tauri/target/doc/trait.impl/ureq/middleware/trait.Middleware.js": {"path":"/Users/wanglinlin/myWork/temp/cc-kafka/cy-kafka-console/src-tauri/target/doc/trait.impl/ureq/middleware/trait.Middleware.js","all":true,"statementMap":{"0":{"start":{"line":1,"column":0},"end":{"line":1,"column":13}},"1":{"start":{"line":2,"column":0},"end":{"line":2,"column":59}},"2":{"start":{"line":3,"column":0},"end":{"line":3,"column":39}},"3":{"start":{"line":4,"column":0},"end":{"line":4,"column":51}},"4":{"start":{"line":5,"column":0},"end":{"line":5,"column":12}},"5":{"start":{"line":6,"column":0},"end":{"line":6,"column":51}},"6":{"start":{"line":7,"column":0},"end":{"line":7,"column":5}},"7":{"start":{"line":8,"column":0},"end":{"line":8,"column":4}},"8":{"start":{"line":9,"column":0},"end":{"line":9,"column":38}}},"s":{"0":0,"1":0,"2":0,"3":0,"4":0,"5":0,"6":0,"7":0,"8":0},"branchMap":{"0":{"type":"branch","line":1,"loc":{"start":{"line":1,"column":0},"end":{"line":9,"column":38}},"locations":[{"start":{"line":1,"column":0},"end":{"line":9,"column":38}}]}},"b":{"0":[0]},"fnMap":{"0":{"name":"(empty-report)","decl":{"start":{"line":1,"column":0},"end":{"line":9,"column":38}},"loc":{"start":{"line":1,"column":0},"end":{"line":9,"column":38}},"line":1}},"f":{"0":0}}
,"/Users/wanglinlin/myWork/temp/cc-kafka/cy-kafka-console/src-tauri/target/doc/trait.impl/ureq/resolve/trait.Resolver.js": {"path":"/Users/wanglinlin/myWork/temp/cc-kafka/cy-kafka-console/src-tauri/target/doc/trait.impl/ureq/resolve/trait.Resolver.js","all":true,"statementMap":{"0":{"start":{"line":1,"column":0},"end":{"line":1,"column":13}},"1":{"start":{"line":2,"column":0},"end":{"line":2,"column":59}},"2":{"start":{"line":3,"column":0},"end":{"line":3,"column":39}},"3":{"start":{"line":4,"column":0},"end":{"line":4,"column":51}},"4":{"start":{"line":5,"column":0},"end":{"line":5,"column":12}},"5":{"start":{"line":6,"column":0},"end":{"line":6,"column":51}},"6":{"start":{"line":7,"column":0},"end":{"line":7,"column":5}},"7":{"start":{"line":8,"column":0},"end":{"line":8,"column":4}},"8":{"start":{"line":9,"column":0},"end":{"line":9,"column":38}}},"s":{"0":0,"1":0,"2":0,"3":0,"4":0,"5":0,"6":0,"7":0,"8":0},"branchMap":{"0":{"type":"branch","line":1,"loc":{"start":{"line":1,"column":0},"end":{"line":9,"column":38}},"locations":[{"start":{"line":1,"column":0},"end":{"line":9,"column":38}}]}},"b":{"0":[0]},"fnMap":{"0":{"name":"(empty-report)","decl":{"start":{"line":1,"column":0},"end":{"line":9,"column":38}},"loc":{"start":{"line":1,"column":0},"end":{"line":9,"column":38}},"line":1}},"f":{"0":0}}
,"/Users/wanglinlin/myWork/temp/cc-kafka/cy-kafka-console/src-tauri/target/doc/trait.impl/ureq/stream/trait.ReadWrite.js": {"path":"/Users/wanglinlin/myWork/temp/cc-kafka/cy-kafka-console/src-tauri/target/doc/trait.impl/ureq/stream/trait.ReadWrite.js","all":true,"statementMap":{"0":{"start":{"line":1,"column":0},"end":{"line":1,"column":13}},"1":{"start":{"line":2,"column":0},"end":{"line":2,"column":59}},"2":{"start":{"line":3,"column":0},"end":{"line":3,"column":39}},"3":{"start":{"line":4,"column":0},"end":{"line":4,"column":51}},"4":{"start":{"line":5,"column":0},"end":{"line":5,"column":12}},"5":{"start":{"line":6,"column":0},"end":{"line":6,"column":51}},"6":{"start":{"line":7,"column":0},"end":{"line":7,"column":5}},"7":{"start":{"line":8,"column":0},"end":{"line":8,"column":4}},"8":{"start":{"line":9,"column":0},"end":{"line":9,"column":38}}},"s":{"0":0,"1":0,"2":0,"3":0,"4":0,"5":0,"6":0,"7":0,"8":0},"branchMap":{"0":{"type":"branch","line":1,"loc":{"start":{"line":1,"column":0},"end":{"line":9,"column":38}},"locations":[{"start":{"line":1,"column":0},"end":{"line":9,"column":38}}]}},"b":{"0":[0]},"fnMap":{"0":{"name":"(empty-report)","decl":{"start":{"line":1,"column":0},"end":{"line":9,"column":38}},"loc":{"start":{"line":1,"column":0},"end":{"line":9,"column":38}},"line":1}},"f":{"0":0}}
,"/Users/wanglinlin/myWork/temp/cc-kafka/cy-kafka-console/src-tauri/target/doc/trait.impl/ureq/stream/trait.TlsConnector.js": {"path":"/Users/wanglinlin/myWork/temp/cc-kafka/cy-kafka-console/src-tauri/target/doc/trait.impl/ureq/stream/trait.TlsConnector.js","all":true,"statementMap":{"0":{"start":{"line":1,"column":0},"end":{"line":1,"column":13}},"1":{"start":{"line":2,"column":0},"end":{"line":2,"column":59}},"2":{"start":{"line":3,"column":0},"end":{"line":3,"column":39}},"3":{"start":{"line":4,"column":0},"end":{"line":4,"column":51}},"4":{"start":{"line":5,"column":0},"end":{"line":5,"column":12}},"5":{"start":{"line":6,"column":0},"end":{"line":6,"column":51}},"6":{"start":{"line":7,"column":0},"end":{"line":7,"column":5}},"7":{"start":{"line":8,"column":0},"end":{"line":8,"column":4}},"8":{"start":{"line":9,"column":0},"end":{"line":9,"column":38}}},"s":{"0":0,"1":0,"2":0,"3":0,"4":0,"5":0,"6":0,"7":0,"8":0},"branchMap":{"0":{"type":"branch","line":1,"loc":{"start":{"line":1,"column":0},"end":{"line":9,"column":38}},"locations":[{"start":{"line":1,"column":0},"end":{"line":9,"column":38}}]}},"b":{"0":[0]},"fnMap":{"0":{"name":"(empty-report)","decl":{"start":{"line":1,"column":0},"end":{"line":9,"column":38}},"loc":{"start":{"line":1,"column":0},"end":{"line":9,"column":38}},"line":1}},"f":{"0":0}}
,"/Users/wanglinlin/myWork/temp/cc-kafka/cy-kafka-console/src-tauri/target/doc/ureq/sidebar-items.js": {"path":"/Users/wanglinlin/myWork/temp/cc-kafka/cy-kafka-console/src-tauri/target/doc/ureq/sidebar-items.js","all":true,"statementMap":{"0":{"start":{"line":1,"column":0},"end":{"line":1,"column":348}}},"s":{"0":0},"branchMap":{"0":{"type":"branch","line":1,"loc":{"start":{"line":1,"column":0},"end":{"line":1,"column":348}},"locations":[{"start":{"line":1,"column":0},"end":{"line":1,"column":348}}]}},"b":{"0":[0]},"fnMap":{"0":{"name":"(empty-report)","decl":{"start":{"line":1,"column":0},"end":{"line":1,"column":348}},"loc":{"start":{"line":1,"column":0},"end":{"line":1,"column":348}},"line":1}},"f":{"0":0}}
,"/Users/wanglinlin/myWork/temp/cc-kafka/cy-kafka-console/src-tauri/target/release/build/kafka-console-5588bb38fc423aa4/out/__global-api-script.js": {"path":"/Users/wanglinlin/myWork/temp/cc-kafka/cy-kafka-console/src-tauri/target/release/build/kafka-console-5588bb38fc423aa4/out/__global-api-script.js","all":true,"statementMap":{"0":{"start":{"line":1,"column":0},"end":{"line":1,"column":348}}},"s":{"0":0},"branchMap":{"0":{"type":"branch","line":1,"loc":{"start":{"line":1,"column":0},"end":{"line":1,"column":348}},"locations":[{"start":{"line":1,"column":0},"end":{"line":1,"column":348}}]}},"b":{"0":[0]},"fnMap":{"0":{"name":"(empty-report)","decl":{"start":{"line":1,"column":0},"end":{"line":1,"column":348}},"loc":{"start":{"line":1,"column":0},"end":{"line":1,"column":348}},"line":1}},"f":{"0":0}}
,"/Users/wanglinlin/myWork/temp/cc-kafka/cy-kafka-console/src-tauri/target/release/build/kafka-console-5588bb38fc423aa4/out/tauri-codegen-assets/7061406525cbc4b329149e904e51be58a539fa51c08a22c5839ac38d08c8bf47.js": {"path":"/Users/wanglinlin/myWork/temp/cc-kafka/cy-kafka-console/src-tauri/target/release/build/kafka-console-5588bb38fc423aa4/out/tauri-codegen-assets/7061406525cbc4b329149e904e51be58a539fa51c08a22c5839ac38d08c8bf47.js","all":true,"statementMap":{"0":{"start":{"line":1,"column":0},"end":{"line":1,"column":30}},"1":{"start":{"line":2,"column":0},"end":{"line":2,"column":66}},"2":{"start":{"line":3,"column":0},"end":{"line":3,"column":43}},"3":{"start":{"line":4,"column":0},"end":{"line":4,"column":107}}},"s":{"0":0,"1":0,"2":0,"3":0},"branchMap":{"0":{"type":"branch","line":1,"loc":{"start":{"line":1,"column":0},"end":{"line":4,"column":107}},"locations":[{"start":{"line":1,"column":0},"end":{"line":4,"column":107}}]}},"b":{"0":[0]},"fnMap":{"0":{"name":"(empty-report)","decl":{"start":{"line":1,"column":0},"end":{"line":4,"column":107}},"loc":{"start":{"line":1,"column":0},"end":{"line":4,"column":107}},"line":1}},"f":{"0":0}}
,"/Users/wanglinlin/myWork/temp/cc-kafka/cy-kafka-console/src-tauri/target/release/build/kafka-console-5588bb38fc423aa4/out/tauri-codegen-assets/74718879c8099dd0bae9acedcc04f001e064af0d2279d2004cab926fb4bc0444.js": {"path":"/Users/wanglinlin/myWork/temp/cc-kafka/cy-kafka-console/src-tauri/target/release/build/kafka-console-5588bb38fc423aa4/out/tauri-codegen-assets/74718879c8099dd0bae9acedcc04f001e064af0d2279d2004cab926fb4bc0444.js","all":true,"statementMap":{"0":{"start":{"line":1,"column":0},"end":{"line":1,"column":68}},"1":{"start":{"line":2,"column":0},"end":{"line":2,"column":499}},"2":{"start":{"line":3,"column":0},"end":{"line":3,"column":146}},"3":{"start":{"line":4,"column":0},"end":{"line":4,"column":31}},"4":{"start":{"line":5,"column":0},"end":{"line":5,"column":60}},"5":{"start":{"line":6,"column":0},"end":{"line":6,"column":43}},"6":{"start":{"line":7,"column":0},"end":{"line":7,"column":11}},"7":{"start":{"line":8,"column":0},"end":{"line":8,"column":26}},"8":{"start":{"line":9,"column":0},"end":{"line":9,"column":215}},"9":{"start":{"line":10,"column":0},"end":{"line":10,"column":44}},"10":{"start":{"line":11,"column":0},"end":{"line":11,"column":276}},"11":{"start":{"line":12,"column":0},"end":{"line":12,"column":27}},"12":{"start":{"line":13,"column":0},"end":{"line":13,"column":466}},"13":{"start":{"line":14,"column":0},"end":{"line":14,"column":329}},"14":{"start":{"line":15,"column":0},"end":{"line":15,"column":5}},"15":{"start":{"line":16,"column":0},"end":{"line":16,"column":419}},"16":{"start":{"line":17,"column":0},"end":{"line":17,"column":21}},"17":{"start":{"line":18,"column":0},"end":{"line":18,"column":40}},"18":{"start":{"line":19,"column":0},"end":{"line":19,"column":393}},"19":{"start":{"line":20,"column":0},"end":{"line":20,"column":227}},"20":{"start":{"line":21,"column":0},"end":{"line":21,"column":271}},"21":{"start":{"line":22,"column":0},"end":{"line":22,"column":90}}},"s":{"0":0,"1":0,"2":0,"3":0,"4":0,"5":0,"6":0,"7":0,"8":0,"9":0,"10":0,"11":0,"12":0,"13":0,"14":0,"15":0,"16":0,"17":0,"18":0,"19":0,"20":0,"21":0},"branchMap":{"0":{"type":"branch","line":1,"loc":{"start":{"line":1,"column":0},"end":{"line":22,"column":90}},"locations":[{"start":{"line":1,"column":0},"end":{"line":22,"column":90}}]}},"b":{"0":[0]},"fnMap":{"0":{"name":"(empty-report)","decl":{"start":{"line":1,"column":0},"end":{"line":22,"column":90}},"loc":{"start":{"line":1,"column":0},"end":{"line":22,"column":90}},"line":1}},"f":{"0":0}}
,"/Users/wanglinlin/myWork/temp/cc-kafka/cy-kafka-console/src-tauri/target/release/build/kafka-console-5588bb38fc423aa4/out/tauri-codegen-assets/83bdf36bc939be12680ff527197064f3e17365d042f16feb5e6ec857cd05a0cf.js": {"path":"/Users/wanglinlin/myWork/temp/cc-kafka/cy-kafka-console/src-tauri/target/release/build/kafka-console-5588bb38fc423aa4/out/tauri-codegen-assets/83bdf36bc939be12680ff527197064f3e17365d042f16feb5e6ec857cd05a0cf.js","all":true,"statementMap":{"0":{"start":{"line":1,"column":0},"end":{"line":1,"column":212}},"1":{"start":{"line":2,"column":0},"end":{"line":2,"column":187}}},"s":{"0":0,"1":0},"branchMap":{"0":{"type":"branch","line":1,"loc":{"start":{"line":1,"column":0},"end":{"line":2,"column":187}},"locations":[{"start":{"line":1,"column":0},"end":{"line":2,"column":187}}]}},"b":{"0":[0]},"fnMap":{"0":{"name":"(empty-report)","decl":{"start":{"line":1,"column":0},"end":{"line":2,"column":187}},"loc":{"start":{"line":1,"column":0},"end":{"line":2,"column":187}},"line":1}},"f":{"0":0}}
,"/Users/wanglinlin/myWork/temp/cc-kafka/cy-kafka-console/src-tauri/target/release/build/kafka-console-77bfca4a6818a72e/out/__global-api-script.js": {"path":"/Users/wanglinlin/myWork/temp/cc-kafka/cy-kafka-console/src-tauri/target/release/build/kafka-console-77bfca4a6818a72e/out/__global-api-script.js","all":true,"statementMap":{"0":{"start":{"line":1,"column":0},"end":{"line":1,"column":348}}},"s":{"0":0},"branchMap":{"0":{"type":"branch","line":1,"loc":{"start":{"line":1,"column":0},"end":{"line":1,"column":348}},"locations":[{"start":{"line":1,"column":0},"end":{"line":1,"column":348}}]}},"b":{"0":[0]},"fnMap":{"0":{"name":"(empty-report)","decl":{"start":{"line":1,"column":0},"end":{"line":1,"column":348}},"loc":{"start":{"line":1,"column":0},"end":{"line":1,"column":348}},"line":1}},"f":{"0":0}}
,"/Users/wanglinlin/myWork/temp/cc-kafka/cy-kafka-console/src-tauri/target/release/build/kafka-console-77bfca4a6818a72e/out/tauri-codegen-assets/86923a235f53138ba904a41b578e426780c82c0a1e26e4edde0b58077e58b68f.js": {"path":"/Users/wanglinlin/myWork/temp/cc-kafka/cy-kafka-console/src-tauri/target/release/build/kafka-console-77bfca4a6818a72e/out/tauri-codegen-assets/86923a235f53138ba904a41b578e426780c82c0a1e26e4edde0b58077e58b68f.js","all":true,"statementMap":{"0":{"start":{"line":1,"column":0},"end":{"line":1,"column":46}},"1":{"start":{"line":2,"column":0},"end":{"line":2,"column":16}},"2":{"start":{"line":3,"column":0},"end":{"line":3,"column":29}},"3":{"start":{"line":4,"column":0},"end":{"line":4,"column":287}},"4":{"start":{"line":5,"column":0},"end":{"line":5,"column":15}},"5":{"start":{"line":6,"column":0},"end":{"line":6,"column":96}},"6":{"start":{"line":7,"column":0},"end":{"line":7,"column":752}},"7":{"start":{"line":8,"column":0},"end":{"line":8,"column":154}},"8":{"start":{"line":9,"column":0},"end":{"line":9,"column":1010}},"9":{"start":{"line":10,"column":0},"end":{"line":10,"column":80}},"10":{"start":{"line":11,"column":0},"end":{"line":11,"column":68}},"11":{"start":{"line":12,"column":0},"end":{"line":12,"column":66}},"12":{"start":{"line":13,"column":0},"end":{"line":13,"column":14}},"13":{"start":{"line":14,"column":0},"end":{"line":14,"column":71}},"14":{"start":{"line":15,"column":0},"end":{"line":15,"column":266}},"15":{"start":{"line":16,"column":0},"end":{"line":16,"column":278}},"16":{"start":{"line":17,"column":0},"end":{"line":17,"column":157}},"17":{"start":{"line":18,"column":0},"end":{"line":18,"column":447}}},"s":{"0":0,"1":0,"2":0,"3":0,"4":0,"5":0,"6":0,"7":0,"8":0,"9":0,"10":0,"11":0,"12":0,"13":0,"14":0,"15":0,"16":0,"17":0},"branchMap":{"0":{"type":"branch","line":1,"loc":{"start":{"line":1,"column":0},"end":{"line":18,"column":447}},"locations":[{"start":{"line":1,"column":0},"end":{"line":18,"column":447}}]}},"b":{"0":[0]},"fnMap":{"0":{"name":"(empty-report)","decl":{"start":{"line":1,"column":0},"end":{"line":18,"column":447}},"loc":{"start":{"line":1,"column":0},"end":{"line":18,"column":447}},"line":1}},"f":{"0":0}}
,"/Users/wanglinlin/myWork/temp/cc-kafka/cy-kafka-console/src-tauri/target/release/build/kafka-console-f19ba049c2fcca3c/out/__global-api-script.js": {"path":"/Users/wanglinlin/myWork/temp/cc-kafka/cy-kafka-console/src-tauri/target/release/build/kafka-console-f19ba049c2fcca3c/out/__global-api-script.js","all":true,"statementMap":{"0":{"start":{"line":1,"column":0},"end":{"line":1,"column":233}}},"s":{"0":0},"branchMap":{"0":{"type":"branch","line":1,"loc":{"start":{"line":1,"column":0},"end":{"line":1,"column":233}},"locations":[{"start":{"line":1,"column":0},"end":{"line":1,"column":233}}]}},"b":{"0":[0]},"fnMap":{"0":{"name":"(empty-report)","decl":{"start":{"line":1,"column":0},"end":{"line":1,"column":233}},"loc":{"start":{"line":1,"column":0},"end":{"line":1,"column":233}},"line":1}},"f":{"0":0}}
,"/Users/wanglinlin/myWork/temp/cc-kafka/cy-kafka-console/src-tauri/target/release/build/kafka-console-f19ba049c2fcca3c/out/tauri-codegen-assets/deb8e5d30f259beb9bcf2937d297d435dbc215c0e2e1bb237e1fb18e80bc695b.js": {"path":"/Users/wanglinlin/myWork/temp/cc-kafka/cy-kafka-console/src-tauri/target/release/build/kafka-console-f19ba049c2fcca3c/out/tauri-codegen-assets/deb8e5d30f259beb9bcf2937d297d435dbc215c0e2e1bb237e1fb18e80bc695b.js","all":true,"statementMap":{"0":{"start":{"line":1,"column":0},"end":{"line":1,"column":497}},"1":{"start":{"line":2,"column":0},"end":{"line":2,"column":245}},"2":{"start":{"line":3,"column":0},"end":{"line":3,"column":60}},"3":{"start":{"line":4,"column":0},"end":{"line":4,"column":452}},"4":{"start":{"line":5,"column":0},"end":{"line":5,"column":315}},"5":{"start":{"line":6,"column":0},"end":{"line":6,"column":237}},"6":{"start":{"line":7,"column":0},"end":{"line":7,"column":603}},"7":{"start":{"line":8,"column":0},"end":{"line":8,"column":472}},"8":{"start":{"line":9,"column":0},"end":{"line":9,"column":514}},"9":{"start":{"line":10,"column":0},"end":{"line":10,"column":329}},"10":{"start":{"line":11,"column":0},"end":{"line":11,"column":153}}},"s":{"0":0,"1":0,"2":0,"3":0,"4":0,"5":0,"6":0,"7":0,"8":0,"9":0,"10":0},"branchMap":{"0":{"type":"branch","line":1,"loc":{"start":{"line":1,"column":0},"end":{"line":11,"column":153}},"locations":[{"start":{"line":1,"column":0},"end":{"line":11,"column":153}}]}},"b":{"0":[0]},"fnMap":{"0":{"name":"(empty-report)","decl":{"start":{"line":1,"column":0},"end":{"line":11,"column":153}},"loc":{"start":{"line":1,"column":0},"end":{"line":11,"column":153}},"line":1}},"f":{"0":0}}
}
